2023/10/31 15:56:12.564090 migrate_schema.go:43: [Info] method:, path:, status:200, pid:, request_id:, source:, client_id:, user_id:, resource:auth,application:, version:1.0.0, byte_in:0, byte_out:0, code:, message:Applied 0 migrations!, class:[]
2023/10/31 15:59:23.923959 migrate_schema.go:43: [Info] method:, path:, status:200, pid:, request_id:, source:, client_id:, user_id:, resource:auth,application:, version:1.0.0, byte_in:0, byte_out:0, code:, message:Applied 1 migrations!, class:[]
2023/11/03 10:10:14.031361 migrate_schema.go:43: [Info] method:, path:, status:200, pid:, request_id:, source:, client_id:, user_id:, resource:auth,application:, version:1.0.0, byte_in:0, byte_out:0, code:, message:Applied 0 migrations!, class:[]
2023/11/03 10:14:02.974977 migrate_schema.go:43: [Info] method:, path:, status:200, pid:, request_id:, source:, client_id:, user_id:, resource:auth,application:, version:1.0.0, byte_in:0, byte_out:0, code:, message:Applied 0 migrations!, class:[]
2023/11/03 10:14:12.108662 middleware.go:36: [Info] method:, path:/v1/master/district, status:200, pid:5600, request_id:55a8eb4b-3dc4-460f-b446-827001422967, source:, client_id:, user_id:, resource:,application:auth, version:1.0.0, byte_in:0, byte_out:0, code:, message:, class:[]
2023/11/03 10:17:19.499284 middleware.go:36: [Info] method:, path:/v1/master/district, status:200, pid:5600, request_id:56a8eb4b-3dc4-460f-b446-827001422967, source:, client_id:, user_id:, resource:,application:auth, version:1.0.0, byte_in:0, byte_out:0, code:, message:, class:[]
2023/11/03 10:17:22.660009 middleware.go:36: [Info] method:, path:/v1/master/district, status:200, pid:5600, request_id:57a8eb4b-3dc4-460f-b446-827001422967, source:, client_id:, user_id:, resource:,application:auth, version:1.0.0, byte_in:0, byte_out:0, code:, message:, class:[]
2023/11/03 10:18:23.753316 migrate_schema.go:43: [Info] method:, path:, status:200, pid:, request_id:, source:, client_id:, user_id:, resource:auth,application:, version:1.0.0, byte_in:0, byte_out:0, code:, message:Applied 0 migrations!, class:[]
2023/11/03 10:19:05.205201 migrate_schema.go:43: [Info] method:, path:, status:200, pid:, request_id:, source:, client_id:, user_id:, resource:auth,application:, version:1.0.0, byte_in:0, byte_out:0, code:, message:Applied 0 migrations!, class:[]
2023/11/03 10:19:13.049979 middleware.go:36: [Info] method:, path:/v1/master/district, status:200, pid:30900, request_id:aa917bad-16b0-40fc-8e63-b97b05628158, source:, client_id:, user_id:, resource:,application:auth, version:1.0.0, byte_in:0, byte_out:0, code:, message:, class:[]
2023/11/03 10:19:15.660370 middleware.go:36: [Info] method:, path:/v1/master/district, status:200, pid:30900, request_id:ab917bad-16b0-40fc-8e63-b97b05628158, source:, client_id:, user_id:, resource:,application:auth, version:1.0.0, byte_in:0, byte_out:0, code:, message:, class:[]
2023/11/03 10:19:17.386135 middleware.go:36: [Info] method:, path:/v1/master/district, status:200, pid:30900, request_id:ac917bad-16b0-40fc-8e63-b97b05628158, source:, client_id:, user_id:, resource:,application:auth, version:1.0.0, byte_in:0, byte_out:0, code:, message:, class:[]
2023/11/03 10:19:19.574692 middleware.go:36: [Info] method:, path:/v1/master/district, status:200, pid:30900, request_id:ad917bad-16b0-40fc-8e63-b97b05628158, source:, client_id:, user_id:, resource:,application:auth, version:1.0.0, byte_in:0, byte_out:0, code:, message:, class:[]
2023/11/03 10:19:20.986552 middleware.go:36: [Info] method:, path:/v1/master/district, status:200, pid:30900, request_id:ae917bad-16b0-40fc-8e63-b97b05628158, source:, client_id:, user_id:, resource:,application:auth, version:1.0.0, byte_in:0, byte_out:0, code:, message:, class:[]
2023/11/03 10:19:22.560725 middleware.go:36: [Info] method:, path:/v1/master/district, status:200, pid:30900, request_id:af917bad-16b0-40fc-8e63-b97b05628158, source:, client_id:, user_id:, resource:,application:auth, version:1.0.0, byte_in:0, byte_out:0, code:, message:, class:[]
2023/11/03 10:19:24.157337 middleware.go:36: [Info] method:, path:/v1/master/district, status:200, pid:30900, request_id:b0917bad-16b0-40fc-8e63-b97b05628158, source:, client_id:, user_id:, resource:,application:auth, version:1.0.0, byte_in:0, byte_out:0, code:, message:, class:[]
2023/11/03 10:19:25.539029 middleware.go:36: [Info] method:, path:/v1/master/district, status:200, pid:30900, request_id:b1917bad-16b0-40fc-8e63-b97b05628158, source:, client_id:, user_id:, resource:,application:auth, version:1.0.0, byte_in:0, byte_out:0, code:, message:, class:[]
2023/11/03 10:19:32.388352 middleware.go:36: [Info] method:, path:/v1/master/district, status:200, pid:30900, request_id:b2917bad-16b0-40fc-8e63-b97b05628158, source:, client_id:, user_id:, resource:,application:auth, version:1.0.0, byte_in:0, byte_out:0, code:, message:, class:[]
2023/11/03 10:19:33.873695 middleware.go:36: [Info] method:, path:/v1/master/district, status:200, pid:30900, request_id:b3917bad-16b0-40fc-8e63-b97b05628158, source:, client_id:, user_id:, resource:,application:auth, version:1.0.0, byte_in:0, byte_out:0, code:, message:, class:[]
2023/11/03 10:19:35.371682 middleware.go:36: [Info] method:, path:/v1/master/district, status:200, pid:30900, request_id:b4917bad-16b0-40fc-8e63-b97b05628158, source:, client_id:, user_id:, resource:,application:auth, version:1.0.0, byte_in:0, byte_out:0, code:, message:, class:[]
2023/11/03 10:19:36.659149 middleware.go:36: [Info] method:, path:/v1/master/district, status:200, pid:30900, request_id:b5917bad-16b0-40fc-8e63-b97b05628158, source:, client_id:, user_id:, resource:,application:auth, version:1.0.0, byte_in:0, byte_out:0, code:, message:, class:[]
2023/11/03 10:19:38.050244 middleware.go:36: [Info] method:, path:/v1/master/district, status:200, pid:30900, request_id:b6917bad-16b0-40fc-8e63-b97b05628158, source:, client_id:, user_id:, resource:,application:auth, version:1.0.0, byte_in:0, byte_out:0, code:, message:, class:[]
2023/11/03 10:20:34.557804 migrate_schema.go:43: [Info] method:, path:, status:200, pid:, request_id:, source:, client_id:, user_id:, resource:auth,application:, version:1.0.0, byte_in:0, byte_out:0, code:, message:Applied 0 migrations!, class:[]
2023/11/03 10:43:18.342363 migrate_schema.go:43: [Info] method:, path:, status:200, pid:, request_id:, source:, client_id:, user_id:, resource:auth,application:, version:1.0.0, byte_in:0, byte_out:0, code:, message:Applied 0 migrations!, class:[]
2023/11/03 10:43:27.039549 middleware.go:36: [Info] method:, path:/v1/master/district, status:200, pid:20648, request_id:ba637d1b-9de5-4b9b-9c1a-325d1d8d1b9b, source:, client_id:, user_id:, resource:,application:auth, version:1.0.0, byte_in:0, byte_out:0, code:, message:, class:[]
2023/11/03 10:43:29.262350 middleware.go:36: [Info] method:, path:/v1/master/district, status:200, pid:20648, request_id:bb637d1b-9de5-4b9b-9c1a-325d1d8d1b9b, source:, client_id:, user_id:, resource:,application:auth, version:1.0.0, byte_in:0, byte_out:0, code:, message:, class:[]
2023/11/03 10:43:30.757120 middleware.go:36: [Info] method:, path:/v1/master/district, status:200, pid:20648, request_id:bc637d1b-9de5-4b9b-9c1a-325d1d8d1b9b, source:, client_id:, user_id:, resource:,application:auth, version:1.0.0, byte_in:0, byte_out:0, code:, message:, class:[]
2023/11/03 10:43:32.462650 middleware.go:36: [Info] method:, path:/v1/master/district, status:200, pid:20648, request_id:bd637d1b-9de5-4b9b-9c1a-325d1d8d1b9b, source:, client_id:, user_id:, resource:,application:auth, version:1.0.0, byte_in:0, byte_out:0, code:, message:, class:[]
2023/11/03 10:43:34.276761 middleware.go:36: [Info] method:, path:/v1/master/district, status:200, pid:20648, request_id:be637d1b-9de5-4b9b-9c1a-325d1d8d1b9b, source:, client_id:, user_id:, resource:,application:auth, version:1.0.0, byte_in:0, byte_out:0, code:, message:, class:[]
2023/11/03 11:15:17.564017 migrate_schema.go:43: [Info] method:, path:, status:200, pid:, request_id:, source:, client_id:, user_id:, resource:auth,application:, version:1.0.0, byte_in:0, byte_out:0, code:, message:Applied 0 migrations!, class:[]
2023/11/03 11:17:23.486181 migrate_schema.go:43: [Info] method:, path:, status:200, pid:, request_id:, source:, client_id:, user_id:, resource:auth,application:, version:1.0.0, byte_in:0, byte_out:0, code:, message:Applied 0 migrations!, class:[]
2023/11/03 11:18:25.564719 migrate_schema.go:43: [Info] method:, path:, status:200, pid:, request_id:, source:, client_id:, user_id:, resource:auth,application:, version:1.0.0, byte_in:0, byte_out:0, code:, message:Applied 0 migrations!, class:[]
2023/11/03 11:18:37.401969 middleware.go:36: [Info] method:, path:/v1/master/district, status:200, pid:30700, request_id:9f1ac5e4-05a2-47ec-a8ee-2cda5fd44f09, source:, client_id:, user_id:, resource:,application:auth, version:1.0.0, byte_in:0, byte_out:0, code:, message:, class:[]
2023/11/03 11:20:24.980416 migrate_schema.go:43: [Info] method:, path:, status:200, pid:, request_id:, source:, client_id:, user_id:, resource:auth,application:, version:1.0.0, byte_in:0, byte_out:0, code:, message:Applied 0 migrations!, class:[]
2023/11/03 11:20:32.222530 middleware.go:36: [Info] method:, path:/v1/master/district, status:200, pid:25180, request_id:e10567d6-b7d8-4721-b18c-a420c4fba72e, source:, client_id:, user_id:, resource:,application:auth, version:1.0.0, byte_in:0, byte_out:0, code:, message:, class:[]
2023/11/03 11:20:35.508058 middleware.go:36: [Info] method:, path:/v1/master/district, status:200, pid:25180, request_id:e20567d6-b7d8-4721-b18c-a420c4fba72e, source:, client_id:, user_id:, resource:,application:auth, version:1.0.0, byte_in:0, byte_out:0, code:, message:, class:[]
2023/11/03 11:20:37.493219 middleware.go:36: [Info] method:, path:/v1/master/district, status:200, pid:25180, request_id:e30567d6-b7d8-4721-b18c-a420c4fba72e, source:, client_id:, user_id:, resource:,application:auth, version:1.0.0, byte_in:0, byte_out:0, code:, message:, class:[]
2023/11/04 13:49:21.900774 migrate_schema.go:43: [Info] method:, path:, status:200, pid:, request_id:, source:, client_id:, user_id:, resource:auth,application:, version:1.0.0, byte_in:0, byte_out:0, code:, message:Applied 0 migrations!, class:[]
2023/11/04 13:49:36.418237 middleware.go:36: [Info] method:, path:/v1/master/district, status:500, pid:13668, request_id:5eb876ea-f722-4295-b24a-8845fa0af4be, source:, client_id:, user_id:, resource:,application:auth, version:1.0.0, byte_in:0, byte_out:0, code:E-5-AUT-SRV-001, message:token is malformed: token contains an invalid number of segments, class:[C:/Tutorial/go-master-data/model/token_model.go:48]
2023/11/04 13:50:32.317371 middleware.go:36: [Info] method:, path:/v1/master/district, status:500, pid:13668, request_id:5fb876ea-f722-4295-b24a-8845fa0af4be, source:, client_id:, user_id:, resource:,application:auth, version:1.0.0, byte_in:0, byte_out:0, code:E-5-AUT-SRV-001, message:token is malformed: token contains an invalid number of segments, class:[C:/Tutorial/go-master-data/model/token_model.go:48]
2023/11/04 13:51:39.710628 migrate_schema.go:43: [Info] method:, path:, status:200, pid:, request_id:, source:, client_id:, user_id:, resource:auth,application:, version:1.0.0, byte_in:0, byte_out:0, code:, message:Applied 0 migrations!, class:[]
2023/11/04 13:53:29.572617 middleware.go:36: [Info] method:, path:/v1/master/district, status:401, pid:5068, request_id:d33e8a20-bf09-4a87-b7d7-57b49f7aaaf8, source:, client_id:, user_id:, resource:,application:auth, version:1.0.0, byte_in:0, byte_out:0, code:E-1-AUT-SRV-001, message:, class:[C:/Tutorial/go-master-data/controller/restapi/abstract_controller.go:23]
2023/11/04 13:54:12.775734 migrate_schema.go:43: [Info] method:, path:, status:200, pid:, request_id:, source:, client_id:, user_id:, resource:auth,application:, version:1.0.0, byte_in:0, byte_out:0, code:, message:Applied 0 migrations!, class:[]
2023/11/04 13:54:26.737397 middleware.go:36: [Info] method:, path:/v1/master/district, status:200, pid:26496, request_id:f0b77fc4-4918-4272-9fcf-fa7d89b0edee, source:, client_id:, user_id:, resource:,application:auth, version:1.0.0, byte_in:0, byte_out:0, code:, message:, class:[]
2023/11/04 13:55:43.832029 migrate_schema.go:43: [Info] method:, path:, status:200, pid:, request_id:, source:, client_id:, user_id:, resource:auth,application:, version:1.0.0, byte_in:0, byte_out:0, code:, message:Applied 0 migrations!, class:[]
2023/11/04 13:56:07.577151 middleware.go:36: [Info] method:, path:/v1/master/district, status:200, pid:22716, request_id:c6f7c91d-4d2f-4d4a-823c-b47f87239376, source:, client_id:, user_id:, resource:,application:auth, version:1.0.0, byte_in:0, byte_out:0, code:, message:, class:[]
2023/11/04 13:56:18.574327 middleware.go:36: [Info] method:, path:/v1/master/district, status:200, pid:22716, request_id:c7f7c91d-4d2f-4d4a-823c-b47f87239376, source:, client_id:, user_id:, resource:,application:auth, version:1.0.0, byte_in:0, byte_out:0, code:, message:, class:[]
2023/11/04 13:56:20.334832 middleware.go:36: [Info] method:, path:/v1/master/district, status:200, pid:22716, request_id:c8f7c91d-4d2f-4d4a-823c-b47f87239376, source:, client_id:, user_id:, resource:,application:auth, version:1.0.0, byte_in:0, byte_out:0, code:, message:, class:[]
2023/11/04 13:56:21.976681 middleware.go:36: [Info] method:, path:/v1/master/district, status:200, pid:22716, request_id:c9f7c91d-4d2f-4d4a-823c-b47f87239376, source:, client_id:, user_id:, resource:,application:auth, version:1.0.0, byte_in:0, byte_out:0, code:, message:, class:[]
2023/11/04 13:56:23.701397 middleware.go:36: [Info] method:, path:/v1/master/district, status:200, pid:22716, request_id:caf7c91d-4d2f-4d4a-823c-b47f87239376, source:, client_id:, user_id:, resource:,application:auth, version:1.0.0, byte_in:0, byte_out:0, code:, message:, class:[]
2023/11/04 13:56:25.189688 middleware.go:36: [Info] method:, path:/v1/master/district, status:200, pid:22716, request_id:cbf7c91d-4d2f-4d4a-823c-b47f87239376, source:, client_id:, user_id:, resource:,application:auth, version:1.0.0, byte_in:0, byte_out:0, code:, message:, class:[]
2023/11/04 13:56:26.650564 middleware.go:36: [Info] method:, path:/v1/master/district, status:200, pid:22716, request_id:ccf7c91d-4d2f-4d4a-823c-b47f87239376, source:, client_id:, user_id:, resource:,application:auth, version:1.0.0, byte_in:0, byte_out:0, code:, message:, class:[]
2023/11/04 13:56:27.964757 middleware.go:36: [Info] method:, path:/v1/master/district, status:200, pid:22716, request_id:cdf7c91d-4d2f-4d4a-823c-b47f87239376, source:, client_id:, user_id:, resource:,application:auth, version:1.0.0, byte_in:0, byte_out:0, code:, message:, class:[]
2023/11/04 13:56:29.613086 middleware.go:36: [Info] method:, path:/v1/master/district, status:200, pid:22716, request_id:cef7c91d-4d2f-4d4a-823c-b47f87239376, source:, client_id:, user_id:, resource:,application:auth, version:1.0.0, byte_in:0, byte_out:0, code:, message:, class:[]
2023/11/04 13:57:44.809553 migrate_schema.go:43: [Info] method:, path:, status:200, pid:, request_id:, source:, client_id:, user_id:, resource:auth,application:, version:1.0.0, byte_in:0, byte_out:0, code:, message:Applied 0 migrations!, class:[]
2023/11/04 13:58:05.593987 middleware.go:36: [Info] method:, path:/v1/master/district, status:200, pid:6452, request_id:8ce7f196-9747-41b0-9e95-5be5af38a061, source:, client_id:, user_id:, resource:,application:auth, version:1.0.0, byte_in:0, byte_out:0, code:, message:, class:[]
2023/11/04 13:58:08.333337 middleware.go:36: [Info] method:, path:/v1/master/district, status:200, pid:6452, request_id:8de7f196-9747-41b0-9e95-5be5af38a061, source:, client_id:, user_id:, resource:,application:auth, version:1.0.0, byte_in:0, byte_out:0, code:, message:, class:[]
2023/11/04 21:19:14.724198 migrate_schema.go:43: [Info] method:, path:, status:200, pid:, request_id:, source:, client_id:, user_id:, resource:auth,application:, version:1.0.0, byte_in:0, byte_out:0, code:, message:Applied 0 migrations!, class:[]
2023/11/04 21:20:06.548178 middleware.go:36: [Info] method:, path:/v1/master/district, status:400, pid:15552, request_id:e397e767-4ff7-4ec0-b869-d16ab2bcb435, source:, client_id:, user_id:, resource:,application:auth, version:1.0.0, byte_in:0, byte_out:0, code:E-4-AUT-DTO-003, message:, class:[C:/Tutorial/go-master-data/dto/valid_list_dto.go:47]
2023/11/04 21:21:45.503379 middleware.go:36: [Info] method:, path:/v1/master/district?page=1, status:200, pid:15552, request_id:e497e767-4ff7-4ec0-b869-d16ab2bcb435, source:, client_id:, user_id:, resource:,application:auth, version:1.0.0, byte_in:0, byte_out:0, code:, message:, class:[]
2023/11/04 21:22:47.733513 migrate_schema.go:43: [Info] method:, path:, status:200, pid:, request_id:, source:, client_id:, user_id:, resource:auth,application:, version:1.0.0, byte_in:0, byte_out:0, code:, message:Applied 0 migrations!, class:[]
2023/11/04 21:23:12.784222 middleware.go:36: [Info] method:, path:/v1/master/district?page=1&order_by=name+DESC, status:200, pid:31556, request_id:b73c1595-d0d2-4700-b5c3-9b17bb872ca6, source:, client_id:, user_id:, resource:,application:auth, version:1.0.0, byte_in:0, byte_out:0, code:, message:, class:[]
2023/11/04 21:23:28.980171 middleware.go:36: [Info] method:, path:/v1/master/district?page=1&order_by=id+DESC, status:200, pid:31556, request_id:b83c1595-d0d2-4700-b5c3-9b17bb872ca6, source:, client_id:, user_id:, resource:,application:auth, version:1.0.0, byte_in:0, byte_out:0, code:, message:, class:[]
2023/11/04 21:24:02.232191 middleware.go:36: [Info] method:, path:/v1/master/district?page=1&order_by=name+DESC&filter=name+like+jay, status:200, pid:31556, request_id:b93c1595-d0d2-4700-b5c3-9b17bb872ca6, source:, client_id:, user_id:, resource:,application:auth, version:1.0.0, byte_in:0, byte_out:0, code:, message:, class:[]
2023/11/04 21:24:12.431643 middleware.go:36: [Info] method:, path:/v1/master/district?page=1&order_by=name+DESC&filter=name+like+aceh, status:200, pid:31556, request_id:ba3c1595-d0d2-4700-b5c3-9b17bb872ca6, source:, client_id:, user_id:, resource:,application:auth, version:1.0.0, byte_in:0, byte_out:0, code:, message:, class:[]
2023/11/04 21:38:14.863354 migrate_schema.go:43: [Info] method:, path:, status:200, pid:, request_id:, source:, client_id:, user_id:, resource:auth,application:, version:1.0.0, byte_in:0, byte_out:0, code:, message:Applied 0 migrations!, class:[]
2023/11/04 21:39:05.246958 middleware.go:36: [Info] method:, path:/v1/master/district?page=1&order_by=name+DESC&filter=name+like+aceh, status:200, pid:15376, request_id:a36b5e4f-5c2c-46f4-82bb-a2da99c05481, source:, client_id:, user_id:, resource:,application:auth, version:1.0.0, byte_in:0, byte_out:0, code:, message:, class:[]
2023/11/04 21:39:23.506309 middleware.go:36: [Info] method:, path:/v1/master/subdistrict?page=1&order_by=name+DESC&filter=name+like+aceh%2Cparent_id+eq+3, status:200, pid:15376, request_id:a46b5e4f-5c2c-46f4-82bb-a2da99c05481, source:, client_id:, user_id:, resource:,application:auth, version:1.0.0, byte_in:0, byte_out:0, code:, message:, class:[]
2023/11/04 21:39:35.504121 middleware.go:36: [Info] method:, path:/v1/master/subdistrict?page=1&order_by=name+DESC&filter=parent_id+eq+3, status:200, pid:15376, request_id:a56b5e4f-5c2c-46f4-82bb-a2da99c05481, source:, client_id:, user_id:, resource:,application:auth, version:1.0.0, byte_in:0, byte_out:0, code:, message:, class:[]
2023/11/04 21:39:47.105531 middleware.go:36: [Info] method:, path:/v1/master/subdistrict?page=1&order_by=name+DESC&filter=parent_id+eq+3%2Cname+like+sol, status:200, pid:15376, request_id:a66b5e4f-5c2c-46f4-82bb-a2da99c05481, source:, client_id:, user_id:, resource:,application:auth, version:1.0.0, byte_in:0, byte_out:0, code:, message:, class:[]
2023/11/04 21:40:06.644749 middleware.go:36: [Info] method:, path:/v1/master/urbanvillage?page=1&order_by=name+DESC&filter=parent_id+eq+59, status:200, pid:15376, request_id:a76b5e4f-5c2c-46f4-82bb-a2da99c05481, source:, client_id:, user_id:, resource:,application:auth, version:1.0.0, byte_in:0, byte_out:0, code:, message:, class:[]
2023/11/04 21:40:14.705998 middleware.go:36: [Info] method:, path:/v1/master/subdistrict?page=1&order_by=name+DESC&filter=parent_id+eq+3%2Cname+like+sol, status:200, pid:15376, request_id:a86b5e4f-5c2c-46f4-82bb-a2da99c05481, source:, client_id:, user_id:, resource:,application:auth, version:1.0.0, byte_in:0, byte_out:0, code:, message:, class:[]
2023/11/04 21:42:13.507614 migrate_schema.go:43: [Info] method:, path:, status:200, pid:, request_id:, source:, client_id:, user_id:, resource:auth,application:, version:1.0.0, byte_in:0, byte_out:0, code:, message:Applied 0 migrations!, class:[]
2023/11/04 21:44:10.820986 migrate_schema.go:43: [Info] method:, path:, status:200, pid:, request_id:, source:, client_id:, user_id:, resource:auth,application:, version:1.0.0, byte_in:0, byte_out:0, code:, message:Applied 0 migrations!, class:[]
2023/11/04 21:45:32.216201 migrate_schema.go:43: [Info] method:, path:, status:200, pid:, request_id:, source:, client_id:, user_id:, resource:auth,application:, version:1.0.0, byte_in:0, byte_out:0, code:, message:Applied 0 migrations!, class:[]
2023/11/04 21:47:09.769857 migrate_schema.go:43: [Info] method:, path:, status:200, pid:, request_id:, source:, client_id:, user_id:, resource:auth,application:, version:1.0.0, byte_in:0, byte_out:0, code:, message:Applied 0 migrations!, class:[]
2023/11/04 21:53:46.106404 migrate_schema.go:43: [Info] method:, path:, status:200, pid:, request_id:, source:, client_id:, user_id:, resource:auth,application:, version:1.0.0, byte_in:0, byte_out:0, code:, message:Applied 0 migrations!, class:[]
2023/11/04 21:55:55.308998 migrate_schema.go:43: [Info] method:, path:, status:200, pid:, request_id:, source:, client_id:, user_id:, resource:auth,application:, version:1.0.0, byte_in:0, byte_out:0, code:, message:Applied 0 migrations!, class:[]
2023/11/04 21:56:05.766373 middleware.go:36: [Info] method:, path:/v1/master/subdistrict?page=1&order_by=name+DESC&filter=parent_id+eq+3%2Cname+like+sol, status:500, pid:18512, request_id:4eba6463-087a-43e5-898e-8b6571024af2, source:, client_id:, user_id:, resource:,application:auth, version:1.0.0, byte_in:0, byte_out:0, code:E-5-AUT-SRV-001, message:goroutine 23 [running]:
runtime/debug.Stack()
	C:/Users/NEXSOFT/go/go1.20.5/src/runtime/debug/stack.go:24 +0x7a
go-master-data/controller/restapi.abstractController.serve.func1()
	C:/Tutorial/go-master-data/controller/restapi/abstract_controller.go:60 +0x8f
panic({0x1a1f120, 0x2153810})
	C:/Users/NEXSOFT/go/go1.20.5/src/runtime/panic.go:890 +0x262
go-master-data/controller/restapi.(*RegionalController).ListSubDistrict(0xc000174d20, 0xc0004ee000, 0x3c14e9)
	C:/Tutorial/go-master-data/controller/restapi/regional_controller.go:62 +0x401
go-master-data/controller/restapi.abstractController.serve({}, 0xc0004ee000, 0x1b6a248, 0xc0004dec90)
	C:/Tutorial/go-master-data/controller/restapi/abstract_controller.go:74 +0x570
go-master-data/controller/restapi.abstractController.ServeJwtToken({}, 0xc0004ee000, {0x0, 0x0}, 0xc0004dec90)
	C:/Tutorial/go-master-data/controller/restapi/abstract_controller.go:36 +0x49
go-master-data/controller/restapi.(*RegionalController).Route.func2(0xc0004ee000)
	C:/Tutorial/go-master-data/controller/restapi/regional_controller.go:34 +0x65
github.com/gofiber/fiber/v2.(*App).next(0xc00044e000, 0xc0004ee000)
	C:/Users/NEXSOFT/go/pkg/mod/github.com/gofiber/fiber/v2@v2.50.0/router.go:145 +0x3fd
github.com/gofiber/fiber/v2.(*Ctx).Next(0xc0004ee000)
	C:/Users/NEXSOFT/go/pkg/mod/github.com/gofiber/fiber/v2@v2.50.0/ctx.go:1014 +0xd6
go-master-data/controller/restapi.middleware(0xc0004ee000)
	C:/Tutorial/go-master-data/controller/restapi/middleware.go:29 +0x412
github.com/gofiber/fiber/v2.(*Ctx).Next(0xc0004ee000)
	C:/Users/NEXSOFT/go/pkg/mod/github.com/gofiber/fiber/v2@v2.50.0/ctx.go:1011 +0xab
go-master-data/controller/restapi.Router.func1(0xc0004ee000)
	C:/Tutorial/go-master-data/controller/restapi/router.go:34 +0x85
github.com/gofiber/fiber/v2.(*Ctx).Next(0xc0004ee000)
	C:/Users/NEXSOFT/go/pkg/mod/github.com/gofiber/fiber/v2@v2.50.0/ctx.go:1011 +0xab
github.com/gofiber/fiber/v2/middleware/requestid.New.func1(0xc0004ee000)
	C:/Users/NEXSOFT/go/pkg/mod/github.com/gofiber/fiber/v2@v2.50.0/middleware/requestid/requestid.go:31 +0x1d4
github.com/gofiber/fiber/v2.(*App).next(0xc00044e000, 0xc0004ee000)
	C:/Users/NEXSOFT/go/pkg/mod/github.com/gofiber/fiber/v2@v2.50.0/router.go:145 +0x3fd
github.com/gofiber/fiber/v2.(*App).handler(0xc00044e000, 0xc0004e0000)
	C:/Users/NEXSOFT/go/pkg/mod/github.com/gofiber/fiber/v2@v2.50.0/router.go:172 +0x137
github.com/valyala/fasthttp.(*Server).serveConn(0xc000172800, {0x1bdac28, 0xc00009a6e0})
	C:/Users/NEXSOFT/go/pkg/mod/github.com/valyala/fasthttp@v1.50.0/server.go:2359 +0x16aa
github.com/valyala/fasthttp.(*workerPool).workerFunc(0xc00010e000, 0xc00042d9c0)
	C:/Users/NEXSOFT/go/pkg/mod/github.com/valyala/fasthttp@v1.50.0/workerpool.go:224 +0xe7
github.com/valyala/fasthttp.(*workerPool).getCh.func1()
	C:/Users/NEXSOFT/go/pkg/mod/github.com/valyala/fasthttp@v1.50.0/workerpool.go:196 +0x47
created by github.com/valyala/fasthttp.(*workerPool).getCh
	C:/Users/NEXSOFT/go/pkg/mod/github.com/valyala/fasthttp@v1.50.0/workerpool.go:195 +0x2d2
, class:[C:/Tutorial/go-master-data/controller/restapi/abstract_controller.go:61]
2023/11/04 22:00:19.867998 migrate_schema.go:43: [Info] method:, path:, status:200, pid:, request_id:, source:, client_id:, user_id:, resource:auth,application:, version:1.0.0, byte_in:0, byte_out:0, code:, message:Applied 0 migrations!, class:[]
2023/11/04 22:00:24.216850 middleware.go:36: [Info] method:, path:/v1/master/subdistrict?page=1&order_by=name+DESC&filter=parent_id+eq+3%2Cname+like+sol, status:200, pid:10696, request_id:cb101808-574c-4a12-8cfe-4b62bdbebdb9, source:, client_id:, user_id:, resource:,application:auth, version:1.0.0, byte_in:0, byte_out:0, code:, message:, class:[]
2023/11/04 22:01:13.696868 migrate_schema.go:43: [Info] method:, path:, status:200, pid:, request_id:, source:, client_id:, user_id:, resource:auth,application:, version:1.0.0, byte_in:0, byte_out:0, code:, message:Applied 0 migrations!, class:[]
2023/11/04 22:01:23.361055 middleware.go:36: [Info] method:, path:/v1/master/subdistrict?page=1&order_by=name+DESC&filter=parent_id+eq+3%2Cname+like+sol, status:200, pid:35004, request_id:9a7532f3-f829-4893-ab24-4278a0b773ae, source:, client_id:, user_id:, resource:,application:auth, version:1.0.0, byte_in:0, byte_out:0, code:, message:, class:[]
2023/11/04 22:01:26.399994 middleware.go:36: [Info] method:, path:/v1/master/district?page=1&order_by=name+DESC&filter=name+like+aceh, status:200, pid:35004, request_id:9b7532f3-f829-4893-ab24-4278a0b773ae, source:, client_id:, user_id:, resource:,application:auth, version:1.0.0, byte_in:0, byte_out:0, code:, message:, class:[]
2023/11/04 22:01:34.570052 middleware.go:36: [Info] method:, path:/v1/master/subdistrict?page=1&order_by=name+DESC&filter=parent_id+eq+3, status:200, pid:35004, request_id:9c7532f3-f829-4893-ab24-4278a0b773ae, source:, client_id:, user_id:, resource:,application:auth, version:1.0.0, byte_in:0, byte_out:0, code:, message:, class:[]
2023/11/04 22:01:49.504751 middleware.go:36: [Info] method:, path:/v1/master/subdistrict?page=1&order_by=name+DESC&filter=parent_id+eq+3%2Cname+like+bara, status:200, pid:35004, request_id:9d7532f3-f829-4893-ab24-4278a0b773ae, source:, client_id:, user_id:, resource:,application:auth, version:1.0.0, byte_in:0, byte_out:0, code:, message:, class:[]
2023/11/04 22:01:57.331236 middleware.go:36: [Info] method:, path:/v1/master/subdistrict?page=1&order_by=name+DESC&filter=parent_id+eq+3, status:200, pid:35004, request_id:9e7532f3-f829-4893-ab24-4278a0b773ae, source:, client_id:, user_id:, resource:,application:auth, version:1.0.0, byte_in:0, byte_out:0, code:, message:, class:[]
2023/11/04 22:02:05.897835 middleware.go:36: [Info] method:, path:/v1/master/urbanvillage?page=1&order_by=name+DESC&filter=parent_id+eq+38, status:200, pid:35004, request_id:9f7532f3-f829-4893-ab24-4278a0b773ae, source:, client_id:, user_id:, resource:,application:auth, version:1.0.0, byte_in:0, byte_out:0, code:, message:, class:[]
2023/11/04 22:02:11.948466 middleware.go:36: [Info] method:, path:/v1/master/subdistrict?page=1&order_by=name+DESC&filter=parent_id+eq+3, status:200, pid:35004, request_id:a07532f3-f829-4893-ab24-4278a0b773ae, source:, client_id:, user_id:, resource:,application:auth, version:1.0.0, byte_in:0, byte_out:0, code:, message:, class:[]
2023/11/04 22:02:27.484833 middleware.go:36: [Info] method:, path:/v1/master/urbanvillage?page=1&order_by=name+DESC&filter=parent_id+eq+38%2C+name+like+a, status:200, pid:35004, request_id:a17532f3-f829-4893-ab24-4278a0b773ae, source:, client_id:, user_id:, resource:,application:auth, version:1.0.0, byte_in:0, byte_out:0, code:, message:, class:[]
2023/11/04 22:02:39.100107 middleware.go:36: [Info] method:, path:/v1/master/urbanvillage?page=1&order_by=name+DESC&filter=parent_id+eq+38%2C+name+like+rota, status:200, pid:35004, request_id:a27532f3-f829-4893-ab24-4278a0b773ae, source:, client_id:, user_id:, resource:,application:auth, version:1.0.0, byte_in:0, byte_out:0, code:, message:, class:[]
2023/11/05 13:52:07.397767 migrate_schema.go:43: [Info] method:, path:, status:200, pid:, request_id:, source:, client_id:, user_id:, resource:auth,application:, version:1.0.0, byte_in:0, byte_out:0, code:, message:Applied 0 migrations!, class:[]
2023/11/05 13:54:39.934998 middleware.go:36: [Info] method:, path:/v1/master/companyprofile, status:400, pid:30064, request_id:b577413f-0c14-4819-8cac-fa2196283842, source:, client_id:, user_id:, resource:,application:auth, version:1.0.0, byte_in:24, byte_out:0, code:E-4-AUT-DTO-004, message:Unprocessable Entity, class:[C:/Tutorial/go-master-data/controller/restapi/admin_controller/company_profile_controller.go:30]
2023/11/05 13:56:14.383110 middleware.go:36: [Info] method:, path:/v1/master/companyprofile, status:200, pid:30064, request_id:b677413f-0c14-4819-8cac-fa2196283842, source:, client_id:, user_id:, resource:,application:auth, version:1.0.0, byte_in:26, byte_out:0, code:, message:, class:[]
2023/11/05 13:56:45.597947 migrate_schema.go:43: [Info] method:, path:, status:200, pid:, request_id:, source:, client_id:, user_id:, resource:auth,application:, version:1.0.0, byte_in:0, byte_out:0, code:, message:Applied 0 migrations!, class:[]
2023/11/05 13:57:28.131822 migrate_schema.go:43: [Info] method:, path:, status:200, pid:, request_id:, source:, client_id:, user_id:, resource:auth,application:, version:1.0.0, byte_in:0, byte_out:0, code:, message:Applied 0 migrations!, class:[]
2023/11/05 13:58:21.505160 middleware.go:36: [Info] method:, path:/v1/master/companyprofile, status:200, pid:15908, request_id:92da0858-3088-42aa-ad88-66aacf53c0f7, source:, client_id:, user_id:, resource:,application:auth, version:1.0.0, byte_in:26, byte_out:0, code:, message:, class:[]
2023/11/05 13:58:29.495343 migrate_schema.go:43: [Info] method:, path:, status:200, pid:, request_id:, source:, client_id:, user_id:, resource:auth,application:, version:1.0.0, byte_in:0, byte_out:0, code:, message:Applied 0 migrations!, class:[]
2023/11/05 13:58:37.261954 middleware.go:36: [Info] method:, path:/v1/master/companyprofile, status:200, pid:26884, request_id:7874e8ac-1125-4882-8d66-9f4c267eb9ec, source:, client_id:, user_id:, resource:,application:auth, version:1.0.0, byte_in:26, byte_out:0, code:, message:, class:[]
2023/11/05 14:01:13.861313 middleware.go:36: [Info] method:, path:/v1/master/companyprofile, status:200, pid:26884, request_id:7974e8ac-1125-4882-8d66-9f4c267eb9ec, source:, client_id:, user_id:, resource:,application:auth, version:1.0.0, byte_in:26, byte_out:0, code:, message:, class:[]
2023/11/05 14:01:21.631932 migrate_schema.go:43: [Info] method:, path:, status:200, pid:, request_id:, source:, client_id:, user_id:, resource:auth,application:, version:1.0.0, byte_in:0, byte_out:0, code:, message:Applied 0 migrations!, class:[]
2023/11/05 14:01:32.151037 middleware.go:36: [Info] method:, path:/v1/master/companyprofile, status:200, pid:24500, request_id:8722e99f-f2e6-45e9-bec9-7ce783e91559, source:, client_id:, user_id:, resource:,application:auth, version:1.0.0, byte_in:26, byte_out:0, code:, message:, class:[]
2023/11/05 14:04:59.044672 migrate_schema.go:43: [Info] method:, path:, status:200, pid:, request_id:, source:, client_id:, user_id:, resource:auth,application:, version:1.0.0, byte_in:0, byte_out:0, code:, message:Applied 0 migrations!, class:[]
2023/11/05 14:05:04.354417 middleware.go:36: [Info] method:, path:/v1/master/companyprofile, status:200, pid:26072, request_id:f0a8971e-b58d-4490-8904-bcb054950d40, source:, client_id:, user_id:, resource:,application:auth, version:1.0.0, byte_in:26, byte_out:0, code:, message:, class:[]
2023/11/05 14:05:53.384384 migrate_schema.go:43: [Info] method:, path:, status:200, pid:, request_id:, source:, client_id:, user_id:, resource:auth,application:, version:1.0.0, byte_in:0, byte_out:0, code:, message:Applied 0 migrations!, class:[]
2023/11/05 14:05:57.086417 middleware.go:36: [Info] method:, path:/v1/master/companyprofile, status:200, pid:25668, request_id:500a6fc2-ea3d-48eb-ac52-c7156d2bfc4a, source:, client_id:, user_id:, resource:,application:auth, version:1.0.0, byte_in:26, byte_out:0, code:, message:, class:[]
2023/11/05 14:13:33.403641 migrate_schema.go:43: [Info] method:, path:, status:200, pid:, request_id:, source:, client_id:, user_id:, resource:auth,application:, version:1.0.0, byte_in:0, byte_out:0, code:, message:Applied 0 migrations!, class:[]
2023/11/05 14:13:35.645322 middleware.go:36: [Info] method:, path:/v1/master/companyprofile, status:200, pid:32732, request_id:19ba4be5-282e-4409-b949-422acab71731, source:, client_id:, user_id:, resource:,application:auth, version:1.0.0, byte_in:26, byte_out:0, code:, message:, class:[]
2023/11/05 14:14:13.769162 migrate_schema.go:43: [Info] method:, path:, status:200, pid:, request_id:, source:, client_id:, user_id:, resource:auth,application:, version:1.0.0, byte_in:0, byte_out:0, code:, message:Applied 0 migrations!, class:[]
2023/11/05 14:14:17.327158 middleware.go:36: [Info] method:, path:/v1/master/companyprofile, status:200, pid:2900, request_id:87f7eee5-866e-47e5-988e-7f92c11a99b3, source:, client_id:, user_id:, resource:,application:auth, version:1.0.0, byte_in:26, byte_out:0, code:, message:, class:[]
2023/11/05 14:15:10.918146 migrate_schema.go:43: [Info] method:, path:, status:200, pid:, request_id:, source:, client_id:, user_id:, resource:auth,application:, version:1.0.0, byte_in:0, byte_out:0, code:, message:Applied 0 migrations!, class:[]
2023/11/05 14:15:15.160752 middleware.go:36: [Info] method:, path:/v1/master/companyprofile, status:200, pid:35260, request_id:f7e93a99-6bb3-46cc-b49e-bf53dc030f13, source:, client_id:, user_id:, resource:,application:auth, version:1.0.0, byte_in:26, byte_out:0, code:, message:, class:[]
2023/11/05 14:15:43.860829 migrate_schema.go:43: [Info] method:, path:, status:200, pid:, request_id:, source:, client_id:, user_id:, resource:auth,application:, version:1.0.0, byte_in:0, byte_out:0, code:, message:Applied 0 migrations!, class:[]
2023/11/05 14:15:52.552871 middleware.go:36: [Info] method:, path:/v1/master/companyprofile, status:200, pid:10852, request_id:b03f0e3a-c9da-485d-b8aa-93367ba2776b, source:, client_id:, user_id:, resource:,application:auth, version:1.0.0, byte_in:26, byte_out:0, code:, message:, class:[]
2023/11/05 14:16:20.212837 migrate_schema.go:43: [Info] method:, path:, status:200, pid:, request_id:, source:, client_id:, user_id:, resource:auth,application:, version:1.0.0, byte_in:0, byte_out:0, code:, message:Applied 0 migrations!, class:[]
2023/11/05 14:16:23.339314 middleware.go:36: [Info] method:, path:/v1/master/companyprofile, status:200, pid:33620, request_id:b47be587-3a7b-486d-bb38-6c6660001f61, source:, client_id:, user_id:, resource:,application:auth, version:1.0.0, byte_in:26, byte_out:0, code:, message:, class:[]
2023/11/06 09:50:26.620522 migrate_schema.go:43: [Info] method:, path:, status:200, pid:, request_id:, source:, client_id:, user_id:, resource:auth,application:, version:1.0.0, byte_in:0, byte_out:0, code:, message:Applied 0 migrations!, class:[]
2023/11/06 09:51:08.771203 middleware.go:36: [Info] method:, path:/v1/master/companyprofile, status:200, pid:16648, request_id:c6409810-ac48-4b4e-bfb8-89cd3e2d9728, source:, client_id:, user_id:, resource:,application:auth, version:1.0.0, byte_in:56, byte_out:0, code:, message:, class:[]
2023/11/06 09:51:22.205809 middleware.go:36: [Info] method:, path:/v1/master/companyprofile, status:200, pid:16648, request_id:c7409810-ac48-4b4e-bfb8-89cd3e2d9728, source:, client_id:, user_id:, resource:,application:auth, version:1.0.0, byte_in:56, byte_out:0, code:, message:, class:[]
2023/11/06 09:51:27.792037 middleware.go:36: [Info] method:, path:/v1/master/companyprofile, status:200, pid:16648, request_id:c8409810-ac48-4b4e-bfb8-89cd3e2d9728, source:, client_id:, user_id:, resource:,application:auth, version:1.0.0, byte_in:56, byte_out:0, code:, message:, class:[]
2023/11/06 09:51:43.016657 middleware.go:36: [Info] method:, path:/v1/master/companyprofile, status:200, pid:16648, request_id:c9409810-ac48-4b4e-bfb8-89cd3e2d9728, source:, client_id:, user_id:, resource:,application:auth, version:1.0.0, byte_in:82, byte_out:0, code:, message:, class:[]
2023/11/06 09:51:46.834590 middleware.go:36: [Info] method:, path:/v1/master/companyprofile, status:200, pid:16648, request_id:ca409810-ac48-4b4e-bfb8-89cd3e2d9728, source:, client_id:, user_id:, resource:,application:auth, version:1.0.0, byte_in:82, byte_out:0, code:, message:, class:[]
2023/11/06 12:16:49.299918 migrate_schema.go:43: [Info] method:, path:, status:200, pid:, request_id:, source:, client_id:, user_id:, resource:auth,application:, version:1.0.0, byte_in:0, byte_out:0, code:, message:Applied 0 migrations!, class:[]
2023/11/06 12:17:02.635691 middleware.go:36: [Info] method:, path:/v1/master/companyprofile, status:200, pid:34304, request_id:e08bd625-bed8-4c93-9eba-6c18cf752280, source:, client_id:, user_id:, resource:,application:auth, version:1.0.0, byte_in:82, byte_out:0, code:, message:, class:[]
2023/11/06 12:17:29.652233 middleware.go:36: [Info] method:, path:/v1/master/companyprofile, status:200, pid:34304, request_id:e18bd625-bed8-4c93-9eba-6c18cf752280, source:, client_id:, user_id:, resource:,application:auth, version:1.0.0, byte_in:101, byte_out:0, code:, message:, class:[]
2023/11/06 12:18:26.333295 middleware.go:36: [Info] method:, path:/v1/master/district?page=1&order_by=name+DESC&filter=parent_id+eq+1, status:200, pid:34304, request_id:e28bd625-bed8-4c93-9eba-6c18cf752280, source:, client_id:, user_id:, resource:,application:auth, version:1.0.0, byte_in:0, byte_out:0, code:, message:, class:[]
2023/11/06 12:18:45.010503 middleware.go:36: [Info] method:, path:/v1/master/subdistrict?page=1&order_by=name+DESC&filter=parent_id+eq+19, status:200, pid:34304, request_id:e38bd625-bed8-4c93-9eba-6c18cf752280, source:, client_id:, user_id:, resource:,application:auth, version:1.0.0, byte_in:0, byte_out:0, code:, message:, class:[]
2023/11/06 12:19:05.212533 middleware.go:36: [Info] method:, path:/v1/master/urbanvillage?page=1&order_by=name+DESC&filter=parent_id+eq+270, status:200, pid:34304, request_id:e48bd625-bed8-4c93-9eba-6c18cf752280, source:, client_id:, user_id:, resource:,application:auth, version:1.0.0, byte_in:0, byte_out:0, code:, message:, class:[]
2023/11/06 12:19:17.866624 middleware.go:36: [Info] method:, path:/v1/master/companyprofile, status:500, pid:34304, request_id:e58bd625-bed8-4c93-9eba-6c18cf752280, source:, client_id:, user_id:, resource:,application:auth, version:1.0.0, byte_in:176, byte_out:0, code:E-5-AUT-SRV-001, message:ERROR: relation "company_profile_entities" does not exist (SQLSTATE 42P01), class:[C:/Tutorial/go-master-data/repository/admin_repository/company_profile_repository_impl.go:23]
2023/11/06 13:09:07.664341 migrate_schema.go:43: [Info] method:, path:, status:200, pid:, request_id:, source:, client_id:, user_id:, resource:auth,application:, version:1.0.0, byte_in:0, byte_out:0, code:, message:Applied 0 migrations!, class:[]
2023/11/06 13:09:15.273229 middleware.go:36: [Info] method:, path:/v1/master/companyprofile, status:500, pid:35684, request_id:9a3b3e7a-78d8-4147-899b-5f4215cbb327, source:, client_id:, user_id:, resource:,application:auth, version:1.0.0, byte_in:176, byte_out:0, code:E-5-AUT-SRV-001, message:ERROR: column "address1" of relation "company_profile" does not exist (SQLSTATE 42703), class:[C:/Tutorial/go-master-data/repository/admin_repository/company_profile_repository_impl.go:23]
2023/11/06 13:17:30.024550 migrate_schema.go:43: [Info] method:, path:, status:200, pid:, request_id:, source:, client_id:, user_id:, resource:auth,application:, version:1.0.0, byte_in:0, byte_out:0, code:, message:Applied 0 migrations!, class:[]
2023/11/06 13:20:18.859682 middleware.go:36: [Info] method:, path:/v1/master/companyprofile, status:200, pid:21016, request_id:89cdde7f-6f51-4d2f-a571-32b2026a4c50, source:, client_id:, user_id:, resource:,application:auth, version:1.0.0, byte_in:176, byte_out:0, code:, message:, class:[]
2023/11/06 13:23:11.073194 middleware.go:36: [Info] method:, path:/v1/master/companyprofile, status:500, pid:21016, request_id:8acdde7f-6f51-4d2f-a571-32b2026a4c50, source:, client_id:, user_id:, resource:,application:auth, version:1.0.0, byte_in:176, byte_out:0, code:E-5-AUT-SRV-001, message:ERROR: duplicate key value violates unique constraint "company_profile_npwp_key" (SQLSTATE 23505), class:[C:/Tutorial/go-master-data/repository/admin_repository/company_profile_repository_impl.go:23]
2023/11/06 16:20:14.003465 migrate_schema.go:43: [Info] method:, path:, status:200, pid:, request_id:, source:, client_id:, user_id:, resource:auth,application:, version:1.0.0, byte_in:0, byte_out:0, code:, message:Applied 0 migrations!, class:[]
2023/11/06 16:20:53.562359 middleware.go:36: [Info] method:, path:/v1/master/companyprofile, status:200, pid:25664, request_id:46c078de-b8ee-498d-abc2-70e663da17cb, source:, client_id:, user_id:, resource:,application:auth, version:1.0.0, byte_in:176, byte_out:0, code:, message:, class:[]
2023/11/06 16:32:53.022770 migrate_schema.go:43: [Info] method:, path:, status:200, pid:, request_id:, source:, client_id:, user_id:, resource:auth,application:, version:1.0.0, byte_in:0, byte_out:0, code:, message:Applied 0 migrations!, class:[]
2023/11/06 16:33:00.344469 middleware.go:36: [Info] method:, path:/v1/master/companyprofile, status:400, pid:15424, request_id:23129506-8660-4db2-b9f1-f1014a7e4ccf, source:, client_id:, user_id:, resource:,application:auth, version:1.0.0, byte_in:176, byte_out:0, code:E-4-MDB-SRV-001, message:, class:[C:/Tutorial/go-master-data/service/admin_service/company_profile_service_impl.go:40]
2023/11/06 16:33:11.913312 middleware.go:36: [Info] method:, path:/v1/master/companyprofile, status:500, pid:15424, request_id:24129506-8660-4db2-b9f1-f1014a7e4ccf, source:, client_id:, user_id:, resource:,application:auth, version:1.0.0, byte_in:176, byte_out:0, code:E-5-MDB-DBS-001, message:record not found, class:[C:/Tutorial/go-master-data/repository/admin_repository/company_profile_repository_impl.go:100]
2023/11/06 16:34:53.701232 migrate_schema.go:43: [Info] method:, path:, status:200, pid:, request_id:, source:, client_id:, user_id:, resource:auth,application:, version:1.0.0, byte_in:0, byte_out:0, code:, message:Applied 0 migrations!, class:[]
2023/11/06 16:34:58.317045 middleware.go:36: [Info] method:, path:/v1/master/companyprofile, status:200, pid:15820, request_id:21c79ec5-f40c-480f-bb2c-a03332a9ea21, source:, client_id:, user_id:, resource:,application:auth, version:1.0.0, byte_in:176, byte_out:0, code:, message:, class:[]
2023/11/06 16:38:49.909564 migrate_schema.go:43: [Info] method:, path:, status:200, pid:, request_id:, source:, client_id:, user_id:, resource:auth,application:, version:1.0.0, byte_in:0, byte_out:0, code:, message:Applied 0 migrations!, class:[]
2023/11/06 16:39:27.958675 middleware.go:36: [Info] method:, path:/v1/master/companyprofile, status:400, pid:17744, request_id:3e12d05c-6b97-4506-9409-86df54e099bf, source:, client_id:, user_id:, resource:,application:auth, version:1.0.0, byte_in:176, byte_out:0, code:, message:, class:[]
2023/11/06 16:39:38.457398 middleware.go:36: [Info] method:, path:/v1/master/companyprofile, status:200, pid:17744, request_id:3f12d05c-6b97-4506-9409-86df54e099bf, source:, client_id:, user_id:, resource:,application:auth, version:1.0.0, byte_in:176, byte_out:0, code:, message:, class:[]
2023/11/06 16:39:45.390757 middleware.go:36: [Info] method:, path:/v1/master/companyprofile, status:400, pid:17744, request_id:4012d05c-6b97-4506-9409-86df54e099bf, source:, client_id:, user_id:, resource:,application:auth, version:1.0.0, byte_in:176, byte_out:0, code:, message:, class:[]
2023/11/06 16:39:54.068529 middleware.go:36: [Info] method:, path:/v1/master/companyprofile, status:200, pid:17744, request_id:4112d05c-6b97-4506-9409-86df54e099bf, source:, client_id:, user_id:, resource:,application:auth, version:1.0.0, byte_in:174, byte_out:0, code:, message:, class:[]
2023/12/21 13:55:31.614309 migrate_schema.go:43: [Info] method:, path:, status:200, pid:, request_id:, source:, client_id:, user_id:, resource:auth,application:, version:1.0.0, byte_in:0, byte_out:0, code:, message:Applied 0 migrations!, class:[]
2023/12/21 13:56:19.870960 middleware.go:36: [Info] method:, path:/v1/master/companyprofile, status:400, pid:27872, request_id:93300298-853b-47eb-95d7-fa59b0ef8160, source:, client_id:, user_id:, resource:,application:auth, version:1.0.0, byte_in:0, byte_out:0, code:, message:, class:[]
2023/12/21 13:59:40.656325 middleware.go:36: [Info] method:, path:/v1/master/companyprofile?page=1&order_by=name+DESC, status:200, pid:27872, request_id:94300298-853b-47eb-95d7-fa59b0ef8160, source:, client_id:, user_id:, resource:,application:auth, version:1.0.0, byte_in:0, byte_out:0, code:, message:, class:[]
2023/12/21 14:02:37.384740 middleware.go:36: [Info] method:, path:/v1/master/companyprofile/4, status:400, pid:27872, request_id:95300298-853b-47eb-95d7-fa59b0ef8160, source:, client_id:, user_id:, resource:,application:auth, version:1.0.0, byte_in:0, byte_out:0, code:, message:, class:[]
2023/12/21 14:03:34.316123 migrate_schema.go:43: [Info] method:, path:, status:200, pid:, request_id:, source:, client_id:, user_id:, resource:auth,application:, version:1.0.0, byte_in:0, byte_out:0, code:, message:Applied 0 migrations!, class:[]
2023/12/21 14:03:47.776170 middleware.go:36: [Info] method:, path:/v1/master/companyprofile/4, status:200, pid:16060, request_id:d5d4a7ee-02ff-481b-8b76-106eaabeeb19, source:, client_id:, user_id:, resource:,application:auth, version:1.0.0, byte_in:0, byte_out:0, code:, message:, class:[]
2023/12/21 14:05:25.881351 middleware.go:36: [Info] method:, path:/v1/master/companyprofile?page=1&order_by=name+DESC, status:200, pid:16060, request_id:d6d4a7ee-02ff-481b-8b76-106eaabeeb19, source:, client_id:, user_id:, resource:,application:auth, version:1.0.0, byte_in:0, byte_out:0, code:, message:, class:[]
2023/12/21 14:05:33.181369 middleware.go:36: [Info] method:, path:/v1/master/companyprofile?page=1&order_by=name+DESC, status:200, pid:16060, request_id:d7d4a7ee-02ff-481b-8b76-106eaabeeb19, source:, client_id:, user_id:, resource:,application:auth, version:1.0.0, byte_in:0, byte_out:0, code:, message:, class:[]
2023/12/21 14:07:02.228425 middleware.go:36: [Info] method:, path:/v1/master/companyprofile?page=1&order_by=name+DESC, status:200, pid:16060, request_id:d8d4a7ee-02ff-481b-8b76-106eaabeeb19, source:, client_id:, user_id:, resource:,application:auth, version:1.0.0, byte_in:0, byte_out:0, code:, message:, class:[]
2023/12/21 14:07:56.088146 middleware.go:36: [Info] method:, path:/v1/master/companyprofile, status:200, pid:16060, request_id:d9d4a7ee-02ff-481b-8b76-106eaabeeb19, source:, client_id:, user_id:, resource:,application:auth, version:1.0.0, byte_in:174, byte_out:0, code:, message:, class:[]
2023/12/21 14:11:53.299450 migrate_schema.go:43: [Info] method:, path:, status:200, pid:, request_id:, source:, client_id:, user_id:, resource:auth,application:, version:1.0.0, byte_in:0, byte_out:0, code:, message:Applied 0 migrations!, class:[]
2023/12/21 14:12:12.156967 middleware.go:36: [Info] method:, path:/v1/master/companyprofile?page=1&order_by=name+DESC, status:200, pid:20920, request_id:c6e1cf8c-3df4-49c3-a646-6544d6ed21e3, source:, client_id:, user_id:, resource:,application:auth, version:1.0.0, byte_in:0, byte_out:0, code:, message:, class:[]
2023/12/21 14:12:31.585995 middleware.go:36: [Info] method:, path:/v1/master/companyprofile/4, status:200, pid:20920, request_id:c7e1cf8c-3df4-49c3-a646-6544d6ed21e3, source:, client_id:, user_id:, resource:,application:auth, version:1.0.0, byte_in:0, byte_out:0, code:, message:, class:[]
2023/12/21 14:13:04.686408 middleware.go:36: [Info] method:, path:/v1/master/companyprofile, status:200, pid:20920, request_id:c8e1cf8c-3df4-49c3-a646-6544d6ed21e3, source:, client_id:, user_id:, resource:,application:auth, version:1.0.0, byte_in:174, byte_out:0, code:, message:, class:[]
2023/12/21 14:14:48.226073 middleware.go:36: [Info] method:, path:/v1/master/companyprofile, status:400, pid:20920, request_id:c9e1cf8c-3df4-49c3-a646-6544d6ed21e3, source:, client_id:, user_id:, resource:,application:auth, version:1.0.0, byte_in:182, byte_out:0, code:, message:, class:[]
2023/12/21 14:15:21.486557 middleware.go:36: [Info] method:, path:/v1/master/companyprofile/4, status:200, pid:20920, request_id:cae1cf8c-3df4-49c3-a646-6544d6ed21e3, source:, client_id:, user_id:, resource:,application:auth, version:1.0.0, byte_in:0, byte_out:0, code:, message:, class:[]
2023/12/21 14:15:51.136989 middleware.go:36: [Info] method:, path:/v1/master/companyprofile, status:400, pid:20920, request_id:cbe1cf8c-3df4-49c3-a646-6544d6ed21e3, source:, client_id:, user_id:, resource:,application:auth, version:1.0.0, byte_in:191, byte_out:0, code:, message:, class:[]
2023/12/21 14:24:00.605377 migrate_schema.go:43: [Info] method:, path:, status:200, pid:, request_id:, source:, client_id:, user_id:, resource:auth,application:, version:1.0.0, byte_in:0, byte_out:0, code:, message:Applied 0 migrations!, class:[]
2023/12/21 14:26:22.529345 middleware.go:36: [Info] method:, path:/v1/master/companyprofile, status:400, pid:16776, request_id:f74892fa-c8cd-4690-98f7-9947c730e446, source:, client_id:, user_id:, resource:,application:auth, version:1.0.0, byte_in:207, byte_out:0, code:, message:, class:[]
2023/12/21 14:41:07.283409 migrate_schema.go:43: [Info] method:, path:, status:200, pid:, request_id:, source:, client_id:, user_id:, resource:auth,application:, version:1.0.0, byte_in:0, byte_out:0, code:, message:Applied 0 migrations!, class:[]
2023/12/21 14:42:04.056384 middleware.go:36: [Info] method:, path:/v1/master/companyprofile, status:400, pid:14976, request_id:1d6defe4-33be-4610-814d-a7ae9b891d57, source:, client_id:, user_id:, resource:,application:auth, version:1.0.0, byte_in:207, byte_out:0, code:, message:, class:[]
2023/12/21 14:42:55.778471 migrate_schema.go:43: [Info] method:, path:, status:200, pid:, request_id:, source:, client_id:, user_id:, resource:auth,application:, version:1.0.0, byte_in:0, byte_out:0, code:, message:Applied 0 migrations!, class:[]
2023/12/21 14:43:36.669224 middleware.go:36: [Info] method:, path:/v1/master/companyprofile, status:400, pid:952, request_id:2394f2f1-0499-40d1-a7ab-d98a066f188d, source:, client_id:, user_id:, resource:,application:auth, version:1.0.0, byte_in:207, byte_out:0, code:, message:, class:[]
2023/12/21 14:58:03.828312 middleware.go:36: [Info] method:, path:/v1/master/companyprofile, status:400, pid:952, request_id:2494f2f1-0499-40d1-a7ab-d98a066f188d, source:, client_id:, user_id:, resource:,application:auth, version:1.0.0, byte_in:174, byte_out:0, code:, message:, class:[]
2023/12/21 14:58:20.127987 middleware.go:36: [Info] method:, path:/v1/master/companyprofile/4, status:200, pid:952, request_id:2594f2f1-0499-40d1-a7ab-d98a066f188d, source:, client_id:, user_id:, resource:,application:auth, version:1.0.0, byte_in:0, byte_out:0, code:, message:, class:[]
2023/12/21 14:58:24.155595 middleware.go:36: [Info] method:, path:/v1/master/companyprofile?page=1&order_by=name+DESC, status:200, pid:952, request_id:2694f2f1-0499-40d1-a7ab-d98a066f188d, source:, client_id:, user_id:, resource:,application:auth, version:1.0.0, byte_in:0, byte_out:0, code:, message:, class:[]
2023/12/21 14:58:28.442998 middleware.go:36: [Info] method:, path:/v1/master/companyprofile, status:400, pid:952, request_id:2794f2f1-0499-40d1-a7ab-d98a066f188d, source:, client_id:, user_id:, resource:,application:auth, version:1.0.0, byte_in:174, byte_out:0, code:, message:, class:[]
2023/12/21 14:59:02.441594 middleware.go:36: [Info] method:, path:/v1/master/companyprofile/4, status:200, pid:952, request_id:2894f2f1-0499-40d1-a7ab-d98a066f188d, source:, client_id:, user_id:, resource:,application:auth, version:1.0.0, byte_in:0, byte_out:0, code:, message:, class:[]
2023/12/21 15:00:16.873612 migrate_schema.go:43: [Info] method:, path:, status:200, pid:, request_id:, source:, client_id:, user_id:, resource:auth,application:, version:1.0.0, byte_in:0, byte_out:0, code:, message:Applied 0 migrations!, class:[]
2023/12/21 15:01:23.788254 middleware.go:36: [Info] method:, path:/v1/master/companyprofile/4, status:200, pid:16140, request_id:f440d697-35cb-4eca-a186-11d56f75c355, source:, client_id:, user_id:, resource:,application:auth, version:1.0.0, byte_in:0, byte_out:0, code:, message:, class:[]
2023/12/21 15:01:58.631320 middleware.go:36: [Info] method:, path:/v1/master/companyprofile, status:400, pid:16140, request_id:f540d697-35cb-4eca-a186-11d56f75c355, source:, client_id:, user_id:, resource:,application:auth, version:1.0.0, byte_in:228, byte_out:0, code:, message:, class:[]
2023/12/21 15:05:30.349090 migrate_schema.go:43: [Info] method:, path:, status:200, pid:, request_id:, source:, client_id:, user_id:, resource:auth,application:, version:1.0.0, byte_in:0, byte_out:0, code:, message:Applied 0 migrations!, class:[]
2023/12/21 15:05:40.411447 middleware.go:36: [Info] method:, path:/v1/master/companyprofile, status:400, pid:12624, request_id:c493d875-95f2-4014-9966-a72ea5dfb3c3, source:, client_id:, user_id:, resource:,application:auth, version:1.0.0, byte_in:228, byte_out:0, code:, message:, class:[]
2023/12/21 15:07:06.615368 migrate_schema.go:43: [Info] method:, path:, status:200, pid:, request_id:, source:, client_id:, user_id:, resource:auth,application:, version:1.0.0, byte_in:0, byte_out:0, code:, message:Applied 0 migrations!, class:[]
2023/12/21 15:07:19.280453 middleware.go:36: [Info] method:, path:/v1/master/companyprofile, status:500, pid:28088, request_id:4f2da6f4-1627-4536-9633-12a56064dada, source:, client_id:, user_id:, resource:,application:auth, version:1.0.0, byte_in:228, byte_out:0, code:, message:, class:[]
2023/12/21 15:16:22.622616 migrate_schema.go:43: [Info] method:, path:, status:200, pid:, request_id:, source:, client_id:, user_id:, resource:auth,application:, version:1.0.0, byte_in:0, byte_out:0, code:, message:Applied 0 migrations!, class:[]
2023/12/21 15:16:26.667672 middleware.go:36: [Info] method:, path:/v1/master/companyprofile, status:400, pid:1984, request_id:ac83263c-b5f0-499a-9cda-24b049c95e4f, source:, client_id:, user_id:, resource:,application:auth, version:1.0.0, byte_in:228, byte_out:0, code:, message:, class:[]
2023/12/21 15:16:41.053890 middleware.go:36: [Info] method:, path:/v1/master/companyprofile, status:200, pid:1984, request_id:ad83263c-b5f0-499a-9cda-24b049c95e4f, source:, client_id:, user_id:, resource:,application:auth, version:1.0.0, byte_in:228, byte_out:0, code:, message:, class:[]
2023/12/21 15:16:45.607701 middleware.go:36: [Info] method:, path:/v1/master/companyprofile/4, status:200, pid:1984, request_id:ae83263c-b5f0-499a-9cda-24b049c95e4f, source:, client_id:, user_id:, resource:,application:auth, version:1.0.0, byte_in:0, byte_out:0, code:, message:, class:[]
2023/12/21 15:17:30.119030 middleware.go:36: [Info] method:, path:/v1/master/companyprofile/4, status:200, pid:1984, request_id:af83263c-b5f0-499a-9cda-24b049c95e4f, source:, client_id:, user_id:, resource:,application:auth, version:1.0.0, byte_in:0, byte_out:0, code:, message:, class:[]
2023/12/21 15:20:36.485662 middleware.go:36: [Info] method:, path:/v1/master/companyprofile?page=1&order_by=name+DESC, status:200, pid:1984, request_id:b083263c-b5f0-499a-9cda-24b049c95e4f, source:, client_id:, user_id:, resource:,application:auth, version:1.0.0, byte_in:0, byte_out:0, code:, message:, class:[]
2023/12/21 15:20:44.736493 middleware.go:36: [Info] method:, path:/v1/master/companyprofile/4, status:200, pid:1984, request_id:b183263c-b5f0-499a-9cda-24b049c95e4f, source:, client_id:, user_id:, resource:,application:auth, version:1.0.0, byte_in:0, byte_out:0, code:, message:, class:[]
2023/12/21 15:21:41.277753 middleware.go:36: [Info] method:, path:/v1/master/companyprofile/4, status:200, pid:1984, request_id:b283263c-b5f0-499a-9cda-24b049c95e4f, source:, client_id:, user_id:, resource:,application:auth, version:1.0.0, byte_in:0, byte_out:0, code:, message:, class:[]
2023/12/21 15:22:43.845022 middleware.go:36: [Info] method:, path:/v1/master/companyprofile/4, status:200, pid:1984, request_id:b383263c-b5f0-499a-9cda-24b049c95e4f, source:, client_id:, user_id:, resource:,application:auth, version:1.0.0, byte_in:0, byte_out:0, code:, message:, class:[]
2023/12/21 15:23:35.783886 migrate_schema.go:43: [Info] method:, path:, status:200, pid:, request_id:, source:, client_id:, user_id:, resource:auth,application:, version:1.0.0, byte_in:0, byte_out:0, code:, message:Applied 0 migrations!, class:[]
2023/12/21 15:23:45.694553 middleware.go:36: [Info] method:, path:/v1/master/companyprofile/4, status:200, pid:2524, request_id:fb9aee25-8bf3-4733-a969-fef1b3acd5dc, source:, client_id:, user_id:, resource:,application:auth, version:1.0.0, byte_in:0, byte_out:0, code:, message:, class:[]
2023/12/21 15:25:53.071787 middleware.go:36: [Info] method:, path:/v1/master/companyprofile/4, status:200, pid:2524, request_id:fc9aee25-8bf3-4733-a969-fef1b3acd5dc, source:, client_id:, user_id:, resource:,application:auth, version:1.0.0, byte_in:0, byte_out:0, code:, message:, class:[]
2023/12/21 15:26:04.826553 migrate_schema.go:43: [Info] method:, path:, status:200, pid:, request_id:, source:, client_id:, user_id:, resource:auth,application:, version:1.0.0, byte_in:0, byte_out:0, code:, message:Applied 0 migrations!, class:[]
2023/12/21 15:26:16.174753 middleware.go:36: [Info] method:, path:/v1/master/companyprofile/4, status:200, pid:10656, request_id:6ce097b2-4a52-4e4f-9436-8ad0a0b8970e, source:, client_id:, user_id:, resource:,application:auth, version:1.0.0, byte_in:0, byte_out:0, code:, message:, class:[]
2023/12/21 16:10:41.674191 migrate_schema.go:43: [Info] method:, path:, status:200, pid:, request_id:, source:, client_id:, user_id:, resource:auth,application:, version:1.0.0, byte_in:0, byte_out:0, code:, message:Applied 0 migrations!, class:[]
2023/12/21 16:11:07.074335 middleware.go:36: [Info] method:, path:/v1/master/companyprofile/4, status:200, pid:12088, request_id:51c84d48-7f39-4130-a32f-091d7a6698e9, source:, client_id:, user_id:, resource:,application:auth, version:1.0.0, byte_in:0, byte_out:0, code:, message:, class:[]
2023/12/22 09:46:15.475867 migrate_schema.go:43: [Info] method:, path:, status:200, pid:, request_id:, source:, client_id:, user_id:, resource:auth,application:, version:1.0.0, byte_in:0, byte_out:0, code:, message:Applied 0 migrations!, class:[]
2023/12/22 10:24:48.271889 migrate_schema.go:43: [Info] method:, path:, status:200, pid:, request_id:, source:, client_id:, user_id:, resource:auth,application:, version:1.0.0, byte_in:0, byte_out:0, code:, message:Applied 0 migrations!, class:[]
2023/12/22 11:19:01.180322 migrate_schema.go:43: [Info] method:, path:, status:200, pid:, request_id:, source:, client_id:, user_id:, resource:auth,application:, version:1.0.0, byte_in:0, byte_out:0, code:, message:Applied 0 migrations!, class:[]
2023/12/22 11:19:46.109134 middleware.go:36: [Info] method:, path:/v1/master/company, status:200, pid:21204, request_id:362a4adb-b47d-445d-b27a-79f9d5079df8, source:, client_id:, user_id:, resource:,application:auth, version:1.0.0, byte_in:50, byte_out:0, code:, message:, class:[]
2023/12/22 11:20:18.074451 middleware.go:36: [Info] method:, path:/v1/master/company?page=1&order_by=name+DESC, status:500, pid:21204, request_id:372a4adb-b47d-445d-b27a-79f9d5079df8, source:, client_id:, user_id:, resource:,application:auth, version:1.0.0, byte_in:0, byte_out:0, code:, message:, class:[]
2023/12/22 11:21:51.810987 middleware.go:36: [Info] method:, path:/v1/master/company?page=1&order_by=name+DESC, status:500, pid:21204, request_id:382a4adb-b47d-445d-b27a-79f9d5079df8, source:, client_id:, user_id:, resource:,application:auth, version:1.0.0, byte_in:0, byte_out:0, code:, message:, class:[]
2023/12/22 11:25:07.175875 middleware.go:36: [Info] method:, path:/v1/master/company?page=1&order_by=name+DESC, status:500, pid:21204, request_id:392a4adb-b47d-445d-b27a-79f9d5079df8, source:, client_id:, user_id:, resource:,application:auth, version:1.0.0, byte_in:0, byte_out:0, code:, message:, class:[]
2023/12/22 11:26:27.057471 middleware.go:36: [Info] method:, path:/v1/master/company?page=1&order_by=name+DESC, status:500, pid:21204, request_id:3a2a4adb-b47d-445d-b27a-79f9d5079df8, source:, client_id:, user_id:, resource:,application:auth, version:1.0.0, byte_in:0, byte_out:0, code:, message:, class:[]
2023/12/22 11:28:23.370582 middleware.go:36: [Info] method:, path:/v1/master/company?page=1&order_by=name+DESC, status:500, pid:21204, request_id:3b2a4adb-b47d-445d-b27a-79f9d5079df8, source:, client_id:, user_id:, resource:,application:auth, version:1.0.0, byte_in:0, byte_out:0, code:, message:, class:[]
2023/12/22 11:28:40.722346 migrate_schema.go:43: [Info] method:, path:, status:200, pid:, request_id:, source:, client_id:, user_id:, resource:auth,application:, version:1.0.0, byte_in:0, byte_out:0, code:, message:Applied 0 migrations!, class:[]
2023/12/22 11:29:59.952076 migrate_schema.go:43: [Info] method:, path:, status:200, pid:, request_id:, source:, client_id:, user_id:, resource:auth,application:, version:1.0.0, byte_in:0, byte_out:0, code:, message:Applied 0 migrations!, class:[]
2023/12/22 11:30:06.015568 middleware.go:36: [Info] method:, path:/v1/master/company?page=1&order_by=name+DESC, status:500, pid:6252, request_id:4276a360-fceb-4617-9abc-d6a041d46597, source:, client_id:, user_id:, resource:,application:auth, version:1.0.0, byte_in:0, byte_out:0, code:, message:, class:[]
2023/12/22 11:30:33.037435 middleware.go:36: [Info] method:, path:/v1/master/company?page=1&order_by=name+DESC, status:500, pid:6252, request_id:4376a360-fceb-4617-9abc-d6a041d46597, source:, client_id:, user_id:, resource:,application:auth, version:1.0.0, byte_in:0, byte_out:0, code:, message:, class:[]
2023/12/22 11:31:37.645574 middleware.go:36: [Info] method:, path:/v1/master/company?page=1&order_by=name+DESC, status:500, pid:6252, request_id:4476a360-fceb-4617-9abc-d6a041d46597, source:, client_id:, user_id:, resource:,application:auth, version:1.0.0, byte_in:0, byte_out:0, code:, message:, class:[]
2023/12/22 12:54:54.662026 migrate_schema.go:43: [Info] method:, path:, status:200, pid:, request_id:, source:, client_id:, user_id:, resource:auth,application:, version:1.0.0, byte_in:0, byte_out:0, code:, message:Applied 0 migrations!, class:[]
2023/12/22 13:36:18.400286 middleware.go:36: [Info] method:, path:/v1/master/company?page=1&order_by=name+DESC, status:200, pid:13208, request_id:055dd3e7-e4b6-4bc6-a443-13f652f532a1, source:, client_id:, user_id:, resource:,application:auth, version:1.0.0, byte_in:0, byte_out:0, code:, message:, class:[]
2023/12/22 13:37:06.225474 migrate_schema.go:43: [Info] method:, path:, status:200, pid:, request_id:, source:, client_id:, user_id:, resource:auth,application:, version:1.0.0, byte_in:0, byte_out:0, code:, message:Applied 0 migrations!, class:[]
2023/12/22 13:37:30.249214 middleware.go:36: [Info] method:, path:/v1/master/company, status:200, pid:13064, request_id:747f841f-5cf8-461a-9b98-cdd73aa8a1b0, source:, client_id:, user_id:, resource:,application:auth, version:1.0.0, byte_in:50, byte_out:0, code:, message:, class:[]
2023/12/22 13:37:51.587257 middleware.go:36: [Info] method:, path:/v1/master/company?page=1&order_by=name+DESC, status:200, pid:13064, request_id:757f841f-5cf8-461a-9b98-cdd73aa8a1b0, source:, client_id:, user_id:, resource:,application:auth, version:1.0.0, byte_in:0, byte_out:0, code:, message:, class:[]
2023/12/22 13:38:05.450394 middleware.go:36: [Info] method:, path:/v1/master/company?page=1&order_by=name+DESC, status:500, pid:13064, request_id:767f841f-5cf8-461a-9b98-cdd73aa8a1b0, source:, client_id:, user_id:, resource:,application:auth, version:1.0.0, byte_in:0, byte_out:0, code:E-5-MDB-DBS-001, message:sql: Scan error on column index 2, name "name": converting NULL to string is unsupported, class:[C:/Tutorial/go-master-data/repository/util_postgres_repository.go:164]
2023/12/22 13:39:00.541764 middleware.go:36: [Info] method:, path:/v1/master/company?page=1&order_by=name+DESC, status:200, pid:13064, request_id:777f841f-5cf8-461a-9b98-cdd73aa8a1b0, source:, client_id:, user_id:, resource:,application:auth, version:1.0.0, byte_in:0, byte_out:0, code:, message:, class:[]
2023/12/22 13:39:06.156484 middleware.go:36: [Info] method:, path:/v1/master/company/2, status:200, pid:13064, request_id:787f841f-5cf8-461a-9b98-cdd73aa8a1b0, source:, client_id:, user_id:, resource:,application:auth, version:1.0.0, byte_in:0, byte_out:0, code:, message:, class:[]
2023/12/22 13:39:44.580971 middleware.go:36: [Info] method:, path:/v1/master/company, status:400, pid:13064, request_id:797f841f-5cf8-461a-9b98-cdd73aa8a1b0, source:, client_id:, user_id:, resource:,application:auth, version:1.0.0, byte_in:97, byte_out:0, code:E-4-MDB-SRV-002, message:, class:[C:/Tutorial/go-master-data/dto/abstract_dto.go:47]
2023/12/22 13:39:54.250138 middleware.go:36: [Info] method:, path:/v1/master/company, status:200, pid:13064, request_id:7a7f841f-5cf8-461a-9b98-cdd73aa8a1b0, source:, client_id:, user_id:, resource:,application:auth, version:1.0.0, byte_in:108, byte_out:0, code:, message:, class:[]
2023/12/22 13:40:06.682453 middleware.go:36: [Info] method:, path:/v1/master/company/2, status:200, pid:13064, request_id:7b7f841f-5cf8-461a-9b98-cdd73aa8a1b0, source:, client_id:, user_id:, resource:,application:auth, version:1.0.0, byte_in:0, byte_out:0, code:, message:, class:[]
2023/12/22 13:42:31.014160 middleware.go:36: [Info] method:, path:/v1/master/branch, status:404, pid:13064, request_id:7c7f841f-5cf8-461a-9b98-cdd73aa8a1b0, source:, client_id:, user_id:, resource:,application:auth, version:1.0.0, byte_in:54, byte_out:0, code:, message:, class:[]
2023/12/22 13:42:47.102771 middleware.go:36: [Info] method:, path:/v1/master/companybranch, status:200, pid:13064, request_id:7d7f841f-5cf8-461a-9b98-cdd73aa8a1b0, source:, client_id:, user_id:, resource:,application:auth, version:1.0.0, byte_in:54, byte_out:0, code:, message:, class:[]
2023/12/22 13:43:00.202516 middleware.go:36: [Info] method:, path:/v1/master/companybranch, status:200, pid:13064, request_id:7e7f841f-5cf8-461a-9b98-cdd73aa8a1b0, source:, client_id:, user_id:, resource:,application:auth, version:1.0.0, byte_in:73, byte_out:0, code:, message:, class:[]
2023/12/22 13:43:06.267347 middleware.go:36: [Info] method:, path:/v1/master/companybranch?page=1&order_by=name+DESC, status:200, pid:13064, request_id:7f7f841f-5cf8-461a-9b98-cdd73aa8a1b0, source:, client_id:, user_id:, resource:,application:auth, version:1.0.0, byte_in:0, byte_out:0, code:, message:, class:[]
2023/12/22 13:49:07.139898 migrate_schema.go:43: [Info] method:, path:, status:200, pid:, request_id:, source:, client_id:, user_id:, resource:auth,application:, version:1.0.0, byte_in:0, byte_out:0, code:, message:Applied 0 migrations!, class:[]
2023/12/22 13:49:15.923204 middleware.go:36: [Info] method:, path:/v1/master/companybranch/2, status:500, pid:24484, request_id:23f273d5-dc03-4a99-a770-9cac8c011a58, source:, client_id:, user_id:, resource:,application:auth, version:1.0.0, byte_in:0, byte_out:0, code:E-5-MDB-SRV-001, message:sql: no rows in result set, class:[C:/Tutorial/go-master-data/repository/admin_repository/company_branch_repository_impl.go:66]
2023/12/22 13:51:06.307515 migrate_schema.go:43: [Info] method:, path:, status:200, pid:, request_id:, source:, client_id:, user_id:, resource:auth,application:, version:1.0.0, byte_in:0, byte_out:0, code:, message:Applied 0 migrations!, class:[]
2023/12/22 13:51:08.442807 middleware.go:36: [Info] method:, path:/v1/master/companybranch/2, status:500, pid:21392, request_id:2781c653-d4ea-40b8-8fbb-5bcc91689fc9, source:, client_id:, user_id:, resource:,application:auth, version:1.0.0, byte_in:0, byte_out:0, code:E-5-MDB-SRV-001, message:sql: no rows in result set, class:[C:/Tutorial/go-master-data/repository/admin_repository/company_branch_repository_impl.go:66]
2023/12/22 13:51:45.931397 migrate_schema.go:43: [Info] method:, path:, status:200, pid:, request_id:, source:, client_id:, user_id:, resource:auth,application:, version:1.0.0, byte_in:0, byte_out:0, code:, message:Applied 0 migrations!, class:[]
2023/12/22 13:51:55.286725 middleware.go:36: [Info] method:, path:/v1/master/companybranch/2, status:500, pid:22524, request_id:f565771e-547a-44f6-a9a9-076560ebcdb9, source:, client_id:, user_id:, resource:,application:auth, version:1.0.0, byte_in:0, byte_out:0, code:E-5-MDB-SRV-001, message:sql: no rows in result set, class:[C:/Tutorial/go-master-data/repository/admin_repository/company_branch_repository_impl.go:66]
2023/12/22 13:52:37.958779 middleware.go:36: [Info] method:, path:/v1/master/companybranch/2, status:500, pid:22524, request_id:f665771e-547a-44f6-a9a9-076560ebcdb9, source:, client_id:, user_id:, resource:,application:auth, version:1.0.0, byte_in:0, byte_out:0, code:E-5-MDB-SRV-001, message:sql: no rows in result set, class:[C:/Tutorial/go-master-data/repository/admin_repository/company_branch_repository_impl.go:66]
2023/12/22 13:52:47.737247 migrate_schema.go:43: [Info] method:, path:, status:200, pid:, request_id:, source:, client_id:, user_id:, resource:auth,application:, version:1.0.0, byte_in:0, byte_out:0, code:, message:Applied 0 migrations!, class:[]
2023/12/22 13:53:15.498281 middleware.go:36: [Info] method:, path:/v1/master/companybranch/2, status:200, pid:15304, request_id:96f92ef7-11e0-488c-a690-5c2f49138b78, source:, client_id:, user_id:, resource:,application:auth, version:1.0.0, byte_in:0, byte_out:0, code:, message:, class:[]
2023/12/22 13:55:17.513423 migrate_schema.go:43: [Info] method:, path:, status:200, pid:, request_id:, source:, client_id:, user_id:, resource:auth,application:, version:1.0.0, byte_in:0, byte_out:0, code:, message:Applied 0 migrations!, class:[]
2023/12/22 13:55:54.891377 middleware.go:36: [Info] method:, path:/v1/master/companybranch/2, status:400, pid:9288, request_id:4288d1c3-18e5-40ef-8808-4fbddc832a35, source:, client_id:, user_id:, resource:,application:auth, version:1.0.0, byte_in:0, byte_out:0, code:E-4-MDB-SRV-002, message:, class:[C:/Tutorial/go-master-data/service/admin_service/company_branch_service_impl.go:143]
2023/12/22 13:56:36.603722 middleware.go:36: [Info] method:, path:/v1/master/companybranch?page=1&order_by=name+DESC, status:200, pid:9288, request_id:4388d1c3-18e5-40ef-8808-4fbddc832a35, source:, client_id:, user_id:, resource:,application:auth, version:1.0.0, byte_in:0, byte_out:0, code:, message:, class:[]
2023/12/22 13:56:43.729928 middleware.go:36: [Info] method:, path:/v1/master/companybranch?page=1&order_by=name+DESC, status:200, pid:9288, request_id:4488d1c3-18e5-40ef-8808-4fbddc832a35, source:, client_id:, user_id:, resource:,application:auth, version:1.0.0, byte_in:0, byte_out:0, code:, message:, class:[]
2023/12/22 13:57:22.745216 middleware.go:36: [Info] method:, path:/v1/master/companybranch/1, status:200, pid:9288, request_id:4588d1c3-18e5-40ef-8808-4fbddc832a35, source:, client_id:, user_id:, resource:,application:auth, version:1.0.0, byte_in:0, byte_out:0, code:, message:, class:[]
2023/12/22 13:57:38.094990 middleware.go:36: [Info] method:, path:/v1/master/companybranch/1, status:200, pid:9288, request_id:4688d1c3-18e5-40ef-8808-4fbddc832a35, source:, client_id:, user_id:, resource:,application:auth, version:1.0.0, byte_in:0, byte_out:0, code:, message:, class:[]
2023/12/22 13:58:10.871158 middleware.go:36: [Info] method:, path:/v1/master/companybranch, status:200, pid:9288, request_id:4788d1c3-18e5-40ef-8808-4fbddc832a35, source:, client_id:, user_id:, resource:,application:auth, version:1.0.0, byte_in:112, byte_out:0, code:, message:, class:[]
2023/12/22 13:58:20.939559 middleware.go:36: [Info] method:, path:/v1/master/companybranch, status:200, pid:9288, request_id:4888d1c3-18e5-40ef-8808-4fbddc832a35, source:, client_id:, user_id:, resource:,application:auth, version:1.0.0, byte_in:131, byte_out:0, code:, message:, class:[]
2023/12/22 13:58:40.579187 middleware.go:36: [Info] method:, path:/v1/master/companybranch/1, status:500, pid:9288, request_id:4988d1c3-18e5-40ef-8808-4fbddc832a35, source:, client_id:, user_id:, resource:,application:auth, version:1.0.0, byte_in:0, byte_out:0, code:E-5-MDB-SRV-001, message:sql: Scan error on column index 8, name "id": converting NULL to int64 is unsupported, class:[C:/Tutorial/go-master-data/repository/admin_repository/company_branch_repository_impl.go:66]
2023/12/22 13:59:42.321531 migrate_schema.go:43: [Info] method:, path:, status:200, pid:, request_id:, source:, client_id:, user_id:, resource:auth,application:, version:1.0.0, byte_in:0, byte_out:0, code:, message:Applied 0 migrations!, class:[]
2023/12/22 13:59:52.492090 middleware.go:36: [Info] method:, path:/v1/master/companybranch/1, status:200, pid:25260, request_id:11bd1eaa-4f96-4875-910d-6da366239c15, source:, client_id:, user_id:, resource:,application:auth, version:1.0.0, byte_in:0, byte_out:0, code:, message:, class:[]
2023/12/22 14:01:40.173792 middleware.go:36: [Info] method:, path:/v1/master/companybranch, status:200, pid:25260, request_id:12bd1eaa-4f96-4875-910d-6da366239c15, source:, client_id:, user_id:, resource:,application:auth, version:1.0.0, byte_in:131, byte_out:0, code:, message:, class:[]
2023/12/22 14:01:59.686910 middleware.go:36: [Info] method:, path:/v1/master/companybranch/1, status:200, pid:25260, request_id:13bd1eaa-4f96-4875-910d-6da366239c15, source:, client_id:, user_id:, resource:,application:auth, version:1.0.0, byte_in:0, byte_out:0, code:, message:, class:[]
2023/12/22 14:02:48.914800 middleware.go:36: [Info] method:, path:/v1/master/companybranch/1, status:200, pid:25260, request_id:14bd1eaa-4f96-4875-910d-6da366239c15, source:, client_id:, user_id:, resource:,application:auth, version:1.0.0, byte_in:0, byte_out:0, code:, message:, class:[]
2023/12/22 14:03:16.671008 migrate_schema.go:43: [Info] method:, path:, status:200, pid:, request_id:, source:, client_id:, user_id:, resource:auth,application:, version:1.0.0, byte_in:0, byte_out:0, code:, message:Applied 0 migrations!, class:[]
2023/12/22 14:03:24.425086 middleware.go:36: [Info] method:, path:/v1/master/companybranch/1, status:200, pid:24804, request_id:9aa30d0b-e032-4888-b8f5-8aabefeb88e6, source:, client_id:, user_id:, resource:,application:auth, version:1.0.0, byte_in:0, byte_out:0, code:, message:, class:[]
2023/12/22 14:06:04.700922 middleware.go:36: [Info] method:, path:/v1/master/companybranch, status:200, pid:24804, request_id:9ba30d0b-e032-4888-b8f5-8aabefeb88e6, source:, client_id:, user_id:, resource:,application:auth, version:1.0.0, byte_in:73, byte_out:0, code:, message:, class:[]
2023/12/22 14:06:21.253418 middleware.go:36: [Info] method:, path:/v1/master/companybranch, status:400, pid:24804, request_id:9ca30d0b-e032-4888-b8f5-8aabefeb88e6, source:, client_id:, user_id:, resource:,application:auth, version:1.0.0, byte_in:73, byte_out:0, code:E-4-MDB-SRV-001, message:, class:[C:/Tutorial/go-master-data/service/admin_service/company_branch_service_impl.go:42]
2023/12/22 14:06:50.795855 middleware.go:36: [Info] method:, path:/v1/master/companybranch, status:400, pid:24804, request_id:9da30d0b-e032-4888-b8f5-8aabefeb88e6, source:, client_id:, user_id:, resource:,application:auth, version:1.0.0, byte_in:131, byte_out:0, code:E-4-MDB-SRV-001, message:, class:[C:/Tutorial/go-master-data/service/admin_service/company_branch_service_impl.go:165]
2023/12/22 14:09:12.603522 migrate_schema.go:43: [Info] method:, path:, status:200, pid:, request_id:, source:, client_id:, user_id:, resource:auth,application:, version:1.0.0, byte_in:0, byte_out:0, code:, message:Applied 0 migrations!, class:[]
2023/12/22 14:09:31.194549 middleware.go:36: [Info] method:, path:/v1/master/companydivision, status:404, pid:29496, request_id:df38de71-891f-4403-8ea2-eef8397f1d75, source:, client_id:, user_id:, resource:,application:auth, version:1.0.0, byte_in:41, byte_out:0, code:, message:, class:[]
2023/12/22 14:10:05.560590 migrate_schema.go:43: [Info] method:, path:, status:200, pid:, request_id:, source:, client_id:, user_id:, resource:auth,application:, version:1.0.0, byte_in:0, byte_out:0, code:, message:Applied 0 migrations!, class:[]
2023/12/22 14:10:10.273423 middleware.go:36: [Info] method:, path:/v1/master/companydivision, status:200, pid:20692, request_id:f10d8fab-b5b0-4a21-b69c-5de5e1836033, source:, client_id:, user_id:, resource:,application:auth, version:1.0.0, byte_in:41, byte_out:0, code:, message:, class:[]
2023/12/22 14:10:34.261489 middleware.go:36: [Info] method:, path:/v1/master/companydivision, status:200, pid:20692, request_id:f20d8fab-b5b0-4a21-b69c-5de5e1836033, source:, client_id:, user_id:, resource:,application:auth, version:1.0.0, byte_in:71, byte_out:0, code:, message:, class:[]
2023/12/22 14:10:44.161192 middleware.go:36: [Info] method:, path:/v1/master/companydivision, status:200, pid:20692, request_id:f30d8fab-b5b0-4a21-b69c-5de5e1836033, source:, client_id:, user_id:, resource:,application:auth, version:1.0.0, byte_in:97, byte_out:0, code:, message:, class:[]
2023/12/22 14:10:54.044721 middleware.go:36: [Info] method:, path:/v1/master/companydivision, status:200, pid:20692, request_id:f40d8fab-b5b0-4a21-b69c-5de5e1836033, source:, client_id:, user_id:, resource:,application:auth, version:1.0.0, byte_in:71, byte_out:0, code:, message:, class:[]
2023/12/22 14:10:58.584319 middleware.go:36: [Info] method:, path:/v1/master/companydivision?page=1&order_by=name+DESC, status:200, pid:20692, request_id:f50d8fab-b5b0-4a21-b69c-5de5e1836033, source:, client_id:, user_id:, resource:,application:auth, version:1.0.0, byte_in:0, byte_out:0, code:, message:, class:[]
2023/12/22 14:11:03.432942 middleware.go:36: [Info] method:, path:/v1/master/companydivision/1, status:200, pid:20692, request_id:f60d8fab-b5b0-4a21-b69c-5de5e1836033, source:, client_id:, user_id:, resource:,application:auth, version:1.0.0, byte_in:0, byte_out:0, code:, message:, class:[]
2023/12/22 14:11:24.799545 middleware.go:36: [Info] method:, path:/v1/master/companydivision, status:200, pid:20692, request_id:f70d8fab-b5b0-4a21-b69c-5de5e1836033, source:, client_id:, user_id:, resource:,application:auth, version:1.0.0, byte_in:99, byte_out:0, code:, message:, class:[]
2023/12/22 14:11:32.421916 middleware.go:36: [Info] method:, path:/v1/master/companydivision, status:200, pid:20692, request_id:f80d8fab-b5b0-4a21-b69c-5de5e1836033, source:, client_id:, user_id:, resource:,application:auth, version:1.0.0, byte_in:129, byte_out:0, code:, message:, class:[]
2023/12/22 14:12:53.789916 middleware.go:36: [Info] method:, path:/v1/master/companydivision/1, status:200, pid:20692, request_id:f90d8fab-b5b0-4a21-b69c-5de5e1836033, source:, client_id:, user_id:, resource:,application:auth, version:1.0.0, byte_in:0, byte_out:0, code:, message:, class:[]
2023/12/22 14:13:01.095529 middleware.go:36: [Info] method:, path:/v1/master/companydivision/0, status:400, pid:20692, request_id:fa0d8fab-b5b0-4a21-b69c-5de5e1836033, source:, client_id:, user_id:, resource:,application:auth, version:1.0.0, byte_in:0, byte_out:0, code:E-4-MDB-SRV-002, message:, class:[C:/Tutorial/go-master-data/service/admin_service/company_division_service_impl.go:132]
2023/12/22 14:13:08.307534 middleware.go:36: [Info] method:, path:/v1/master/companydivision/5, status:500, pid:20692, request_id:fb0d8fab-b5b0-4a21-b69c-5de5e1836033, source:, client_id:, user_id:, resource:,application:auth, version:1.0.0, byte_in:0, byte_out:0, code:E-5-MDB-SRV-001, message:sql: no rows in result set, class:[C:/Tutorial/go-master-data/repository/admin_repository/company_division_repository_impl.go:57]
2023/12/22 14:14:23.171977 migrate_schema.go:43: [Info] method:, path:, status:200, pid:, request_id:, source:, client_id:, user_id:, resource:auth,application:, version:1.0.0, byte_in:0, byte_out:0, code:, message:Applied 0 migrations!, class:[]
2023/12/22 14:14:33.096108 middleware.go:36: [Info] method:, path:/v1/master/companydivision/5, status:400, pid:10184, request_id:46d62057-1ee0-48a8-812d-76e1a2d4cb60, source:, client_id:, user_id:, resource:,application:auth, version:1.0.0, byte_in:0, byte_out:0, code:E-4-MDB-SRV-002, message:, class:[C:/Tutorial/go-master-data/service/admin_service/company_division_service_impl.go:142]
2023/12/22 14:14:38.719808 middleware.go:36: [Info] method:, path:/v1/master/companydivision?page=1&order_by=name+DESC, status:200, pid:10184, request_id:47d62057-1ee0-48a8-812d-76e1a2d4cb60, source:, client_id:, user_id:, resource:,application:auth, version:1.0.0, byte_in:0, byte_out:0, code:, message:, class:[]
2023/12/22 14:14:43.214643 middleware.go:36: [Info] method:, path:/v1/master/companydivision, status:200, pid:10184, request_id:48d62057-1ee0-48a8-812d-76e1a2d4cb60, source:, client_id:, user_id:, resource:,application:auth, version:1.0.0, byte_in:71, byte_out:0, code:, message:, class:[]
2023/12/22 14:14:47.382505 middleware.go:36: [Info] method:, path:/v1/master/companydivision, status:400, pid:10184, request_id:49d62057-1ee0-48a8-812d-76e1a2d4cb60, source:, client_id:, user_id:, resource:,application:auth, version:1.0.0, byte_in:71, byte_out:0, code:E-4-MDB-SRV-001, message:, class:[C:/Tutorial/go-master-data/service/admin_service/company_division_service_impl.go:42]
2023/12/22 14:14:53.375448 middleware.go:36: [Info] method:, path:/v1/master/companydivision, status:200, pid:10184, request_id:4ad62057-1ee0-48a8-812d-76e1a2d4cb60, source:, client_id:, user_id:, resource:,application:auth, version:1.0.0, byte_in:129, byte_out:0, code:, message:, class:[]
2023/12/22 14:15:04.859912 middleware.go:36: [Info] method:, path:/v1/master/companydivision?page=1&order_by=name+DESC, status:200, pid:10184, request_id:4bd62057-1ee0-48a8-812d-76e1a2d4cb60, source:, client_id:, user_id:, resource:,application:auth, version:1.0.0, byte_in:0, byte_out:0, code:, message:, class:[]
2023/12/22 14:15:33.953740 middleware.go:36: [Info] method:, path:/v1/master/companydivision, status:200, pid:10184, request_id:4cd62057-1ee0-48a8-812d-76e1a2d4cb60, source:, client_id:, user_id:, resource:,application:auth, version:1.0.0, byte_in:129, byte_out:0, code:, message:, class:[]
2023/12/22 14:16:12.182127 middleware.go:36: [Info] method:, path:/v1/master/companydivision, status:200, pid:10184, request_id:4dd62057-1ee0-48a8-812d-76e1a2d4cb60, source:, client_id:, user_id:, resource:,application:auth, version:1.0.0, byte_in:129, byte_out:0, code:, message:, class:[]
2023/12/22 14:16:19.961193 middleware.go:36: [Info] method:, path:/v1/master/companydivision?page=1&order_by=name+DESC, status:200, pid:10184, request_id:4ed62057-1ee0-48a8-812d-76e1a2d4cb60, source:, client_id:, user_id:, resource:,application:auth, version:1.0.0, byte_in:0, byte_out:0, code:, message:, class:[]
2023/12/22 16:40:22.269976 middleware.go:36: [Info] method:, path:/v1/master/companydivision, status:200, pid:10184, request_id:4fd62057-1ee0-48a8-812d-76e1a2d4cb60, source:, client_id:, user_id:, resource:,application:auth, version:1.0.0, byte_in:129, byte_out:0, code:, message:, class:[]
2023/12/22 16:40:37.977754 middleware.go:36: [Info] method:, path:/v1/master/companydivision, status:400, pid:10184, request_id:50d62057-1ee0-48a8-812d-76e1a2d4cb60, source:, client_id:, user_id:, resource:,application:auth, version:1.0.0, byte_in:129, byte_out:0, code:E-4-MDB-SRV-001, message:, class:[C:/Tutorial/go-master-data/service/admin_service/company_division_service_impl.go:162]
2023/12/22 16:42:30.542275 migrate_schema.go:43: [Info] method:, path:, status:200, pid:, request_id:, source:, client_id:, user_id:, resource:auth,application:, version:1.0.0, byte_in:0, byte_out:0, code:, message:Applied 0 migrations!, class:[]
2023/12/22 16:43:52.120799 middleware.go:36: [Info] method:, path:/v1/master/companydivision?page=1&order_by=name+DESC, status:200, pid:8200, request_id:d826d696-03c8-479e-af08-188fc8da4d81, source:, client_id:, user_id:, resource:,application:auth, version:1.0.0, byte_in:0, byte_out:0, code:, message:, class:[]
2023/12/22 16:44:01.050808 middleware.go:36: [Info] method:, path:/v1/master/companydivision/2, status:200, pid:8200, request_id:d926d696-03c8-479e-af08-188fc8da4d81, source:, client_id:, user_id:, resource:,application:auth, version:1.0.0, byte_in:0, byte_out:0, code:, message:, class:[]
2023/12/22 16:44:23.404337 middleware.go:36: [Info] method:, path:/v1/master/companydivision, status:200, pid:8200, request_id:da26d696-03c8-479e-af08-188fc8da4d81, source:, client_id:, user_id:, resource:,application:auth, version:1.0.0, byte_in:129, byte_out:0, code:, message:, class:[]
2023/12/22 16:44:30.376451 middleware.go:36: [Info] method:, path:/v1/master/companydivision/2, status:200, pid:8200, request_id:db26d696-03c8-479e-af08-188fc8da4d81, source:, client_id:, user_id:, resource:,application:auth, version:1.0.0, byte_in:0, byte_out:0, code:, message:, class:[]
2023/12/22 16:44:33.346040 middleware.go:36: [Info] method:, path:/v1/master/companydivision?page=1&order_by=name+DESC, status:200, pid:8200, request_id:dc26d696-03c8-479e-af08-188fc8da4d81, source:, client_id:, user_id:, resource:,application:auth, version:1.0.0, byte_in:0, byte_out:0, code:, message:, class:[]
2023/12/22 16:48:51.468922 middleware.go:36: [Info] method:, path:/v1/master/productcategory, status:200, pid:8200, request_id:dd26d696-03c8-479e-af08-188fc8da4d81, source:, client_id:, user_id:, resource:,application:auth, version:1.0.0, byte_in:41, byte_out:0, code:, message:, class:[]
2023/12/22 16:49:03.951302 middleware.go:36: [Info] method:, path:/v1/master/productcategory, status:200, pid:8200, request_id:de26d696-03c8-479e-af08-188fc8da4d81, source:, client_id:, user_id:, resource:,application:auth, version:1.0.0, byte_in:68, byte_out:0, code:, message:, class:[]
2023/12/22 16:49:09.015478 middleware.go:36: [Info] method:, path:/v1/master/productcategory, status:500, pid:8200, request_id:df26d696-03c8-479e-af08-188fc8da4d81, source:, client_id:, user_id:, resource:,application:auth, version:1.0.0, byte_in:68, byte_out:0, code:E-5-MDB-SRV-001, message:ERROR: null value in column "division_id" of relation "product_category" violates not-null constraint (SQLSTATE 23502), class:[C:/Tutorial/go-master-data/repository/product_repository/product_category_repository_impl.go:24]
